TN:
SF:/home/runner/work/beaver/beaver/src/actions/BVPressureAction.C
FN:22,_ZN16BVPressureAction11validParamsEv
FN:36,_ZN16BVPressureActionC2ERK15InputParameters
FN:39,_ZN16BVPressureAction3actEv
FNDA:7,_ZN16BVPressureActionC2ERK15InputParameters
FNDA:9,_ZN16BVPressureAction11validParamsEv
FNDA:7,_ZN16BVPressureAction3actEv
FNF:3
FNH:3
DA:22,9
DA:24,9
DA:25,9
DA:26,18
DA:28,18
DA:31,18
DA:32,18
DA:33,9
DA:34,0
DA:36,7
DA:39,7
DA:41,7
DA:44,14
DA:47,27
DA:50,60
DA:52,20
DA:53,20
DA:54,20
DA:55,20
DA:56,20
DA:58,20
DA:59,20
DA:60,14
LF:23
LH:22
end_of_record
TN:
SF:/home/runner/work/beaver/beaver/src/actions/BVShearTractionAction.C
FN:22,_ZN21BVShearTractionAction11validParamsEv
FN:37,_ZN21BVShearTractionActionC2ERK15InputParameters
FN:40,_ZN21BVShearTractionAction3actEv
FNDA:0,_ZN21BVShearTractionAction3actEv
FNDA:2,_ZN21BVShearTractionAction11validParamsEv
FNDA:0,_ZN21BVShearTractionActionC2ERK15InputParameters
FNF:3
FNH:1
DA:22,2
DA:24,2
DA:25,2
DA:26,4
DA:29,4
DA:32,4
DA:33,4
DA:34,2
DA:35,0
DA:37,0
DA:40,0
DA:42,0
DA:45,0
DA:48,0
DA:51,0
DA:53,0
DA:54,0
DA:55,0
DA:56,0
DA:57,0
DA:59,0
DA:60,0
DA:61,0
LF:23
LH:8
end_of_record
TN:
SF:/home/runner/work/beaver/beaver/src/auxkernels/BVDarcyVelocityAux.C
FN:21,_ZN18BVDarcyVelocityAux11validParamsEv
FN:32,_ZN18BVDarcyVelocityAuxC2ERK15InputParameters
FN:45,_ZN18BVDarcyVelocityAux12computeValueEv
FNDA:41590,_ZN18BVDarcyVelocityAux12computeValueEv
FNDA:8,_ZN18BVDarcyVelocityAuxC2ERK15InputParameters
FNDA:144,_ZN18BVDarcyVelocityAux11validParamsEv
FNF:3
FNH:3
DA:21,144
DA:23,144
DA:24,144
DA:25,288
DA:26,288
DA:28,288
DA:29,144
DA:30,144
DA:32,8
DA:34,8
DA:35,16
DA:36,8
DA:37,8
DA:38,24
DA:40,8
DA:41,0
DA:42,8
DA:45,41590
DA:47,41590
DA:48,41590
DA:50,41590
LF:21
LH:20
end_of_record
TN:
SF:/home/runner/work/beaver/beaver/src/auxkernels/BVEqvStrainAux.C
FN:20,_ZN14BVEqvStrainAux11validParamsEv
FN:27,_ZN14BVEqvStrainAuxC2ERK15InputParameters
FN:33,_ZN14BVEqvStrainAux12computeValueEv
FNDA:2,_ZN14BVEqvStrainAuxC2ERK15InputParameters
FNDA:132,_ZN14BVEqvStrainAux11validParamsEv
FNDA:20480,_ZN14BVEqvStrainAux12computeValueEv
FNF:3
FNH:3
DA:20,132
DA:22,132
DA:23,132
DA:24,132
DA:25,0
DA:27,2
DA:28,2
DA:30,2
DA:33,20480
DA:35,20480
DA:36,20480
LF:11
LH:10
end_of_record
TN:
SF:/home/runner/work/beaver/beaver/src/auxkernels/BVEqvStrainRateAux.C
FN:20,_ZN18BVEqvStrainRateAux11validParamsEv
FN:27,_ZN18BVEqvStrainRateAuxC2ERK15InputParameters
FN:33,_ZN18BVEqvStrainRateAux12computeValueEv
FNDA:2,_ZN18BVEqvStrainRateAuxC2ERK15InputParameters
FNDA:20480,_ZN18BVEqvStrainRateAux12computeValueEv
FNDA:132,_ZN18BVEqvStrainRateAux11validParamsEv
FNF:3
FNH:3
DA:20,132
DA:22,132
DA:23,132
DA:24,132
DA:25,0
DA:27,2
DA:28,2
DA:30,2
DA:33,20480
DA:35,20480
DA:36,20480
LF:11
LH:10
end_of_record
TN:
SF:/home/runner/work/beaver/beaver/src/auxkernels/BVMisesStressAux.C
FN:20,_ZN16BVMisesStressAux11validParamsEv
FN:27,_ZN16BVMisesStressAuxC2ERK15InputParameters
FN:32,_ZN16BVMisesStressAux12computeValueEv
FNDA:134,_ZN16BVMisesStressAux11validParamsEv
FNDA:23552,_ZN16BVMisesStressAux12computeValueEv
FNDA:3,_ZN16BVMisesStressAuxC2ERK15InputParameters
FNF:3
FNH:3
DA:20,134
DA:22,134
DA:23,134
DA:24,134
DA:25,0
DA:27,3
DA:29,3
DA:32,23552
DA:34,23552
DA:35,23552
LF:10
LH:9
end_of_record
TN:
SF:/home/runner/work/beaver/beaver/src/auxkernels/BVPressureAux.C
FN:20,_ZN13BVPressureAux11validParamsEv
FN:27,_ZN13BVPressureAuxC2ERK15InputParameters
FN:30,_ZN13BVPressureAux12computeValueEv
FNDA:1,_ZN13BVPressureAuxC2ERK15InputParameters
FNDA:3072,_ZN13BVPressureAux12computeValueEv
FNDA:130,_ZN13BVPressureAux11validParamsEv
FNF:3
FNH:3
DA:20,130
DA:22,130
DA:23,130
DA:24,130
DA:25,0
DA:27,1
DA:30,3072
DA:32,3072
LF:8
LH:7
end_of_record
TN:
SF:/home/runner/work/beaver/beaver/src/auxkernels/BVStrainAuxBase.C
FN:17,_ZN15BVStrainAuxBase11validParamsEv
FN:24,_ZN15BVStrainAuxBaseC2ERK15InputParameters
FNDA:404,_ZN15BVStrainAuxBase11validParamsEv
FNDA:10,_ZN15BVStrainAuxBaseC2ERK15InputParameters
FNF:2
FNH:2
DA:17,404
DA:19,404
DA:20,404
DA:21,404
DA:22,0
DA:24,10
DA:26,20
DA:28,10
LF:8
LH:7
end_of_record
TN:
SF:/home/runner/work/beaver/beaver/src/auxkernels/BVStrainComponentAux.C
FN:20,_ZN20BVStrainComponentAux11validParamsEv
FN:32,_ZN20BVStrainComponentAuxC2ERK15InputParameters
FN:41,_ZN20BVStrainComponentAux12computeValueEv
FNDA:6,_ZN20BVStrainComponentAuxC2ERK15InputParameters
FNDA:45056,_ZN20BVStrainComponentAux12computeValueEv
FNDA:140,_ZN20BVStrainComponentAux11validParamsEv
FNF:3
FNH:3
DA:20,140
DA:22,140
DA:23,140
DA:24,280
DA:25,280
DA:27,280
DA:29,140
DA:30,140
DA:32,6
DA:34,12
DA:35,12
DA:36,18
DA:38,6
DA:41,45056
DA:43,45056
LF:15
LH:15
end_of_record
TN:
SF:/home/runner/work/beaver/beaver/src/auxkernels/BVStressAuxBase.C
FN:17,_ZN15BVStressAuxBase11validParamsEv
FN:24,_ZN15BVStressAuxBaseC2ERK15InputParameters
FNDA:406,_ZN15BVStressAuxBase11validParamsEv
FNDA:11,_ZN15BVStressAuxBaseC2ERK15InputParameters
FNF:2
FNH:2
DA:17,406
DA:19,406
DA:20,406
DA:21,406
DA:22,0
DA:24,11
DA:25,22
DA:27,11
LF:8
LH:7
end_of_record
TN:
SF:/home/runner/work/beaver/beaver/src/auxkernels/BVStressComponentAux.C
FN:20,_ZN20BVStressComponentAux11validParamsEv
FN:32,_ZN20BVStressComponentAuxC2ERK15InputParameters
FN:40,_ZN20BVStressComponentAux12computeValueEv
FNDA:25112,_ZN20BVStressComponentAux12computeValueEv
FNDA:7,_ZN20BVStressComponentAuxC2ERK15InputParameters
FNDA:142,_ZN20BVStressComponentAux11validParamsEv
FNF:3
FNH:3
DA:20,142
DA:22,142
DA:23,142
DA:24,284
DA:25,284
DA:27,284
DA:29,142
DA:30,142
DA:32,7
DA:34,7
DA:35,21
DA:37,7
DA:40,25112
DA:42,25112
LF:14
LH:14
end_of_record
TN:
SF:/home/runner/work/beaver/beaver/src/base/BeaverApp.C
FN:8,_ZN9BeaverApp11validParamsEv
FN:18,_ZN9BeaverAppC2E15InputParameters
FN:23,_ZN9BeaverAppD2Ev
FN:23,_ZN9BeaverAppD0Ev
FN:26,_ZN9BeaverApp11registerAllER7FactoryR13ActionFactoryR6Syntax
FN:40,_ZN9BeaverApp12registerAppsEv
FN:49,BeaverApp__registerAll
FN:54,BeaverApp__registerApps
FNDA:0,BeaverApp__registerAll
FNDA:0,_ZN9BeaverApp12registerAppsEv
FNDA:0,_ZN9BeaverAppD2Ev
FNDA:0,BeaverApp__registerApps
FNDA:0,_ZN9BeaverAppD0Ev
FNDA:20,_ZN9BeaverApp11registerAllER7FactoryR13ActionFactoryR6Syntax
FNDA:20,_ZN9BeaverApp11validParamsEv
FNDA:0,_ZN9BeaverAppC2E15InputParameters
FNF:8
FNH:2
DA:8,20
DA:10,20
DA:13,20
DA:15,20
DA:16,0
DA:18,0
DA:20,0
DA:21,0
DA:23,0
DA:26,20
DA:29,60
DA:30,60
DA:33,40
DA:34,40
DA:35,40
DA:36,40
DA:37,80
DA:40,0
DA:42,0
DA:43,0
DA:49,0
DA:51,0
DA:52,0
DA:54,0
DA:56,0
DA:57,0
LF:26
LH:12
end_of_record
TN:
SF:/home/runner/work/beaver/beaver/src/bcs/BVPressureBC.C
FN:20,_ZN12BVPressureBC11validParamsEv
FN:31,_ZN12BVPressureBCC2ERK15InputParameters
FN:42,_ZN12BVPressureBC17computeQpResidualEv
FNDA:473088,_ZN12BVPressureBC17computeQpResidualEv
FNDA:168,_ZN12BVPressureBC11validParamsEv
FNDA:20,_ZN12BVPressureBCC2ERK15InputParameters
FNF:3
FNH:3
DA:20,168
DA:22,168
DA:23,168
DA:24,336
DA:25,336
DA:26,336
DA:27,168
DA:28,168
DA:29,0
DA:31,20
DA:33,20
DA:34,40
DA:35,60
DA:37,20
DA:38,0
DA:39,20
DA:42,473088
DA:44,473088
DA:46,473088
DA:47,0
DA:49,473088
LF:21
LH:18
end_of_record
TN:
SF:/home/runner/work/beaver/beaver/src/bcs/BVShearTractionBC.C
FN:20,_ZN17BVShearTractionBC11validParamsEv
FN:31,_ZN17BVShearTractionBCC2ERK15InputParameters
FN:42,_ZN17BVShearTractionBC17computeQpResidualEv
FNDA:0,_ZN17BVShearTractionBC17computeQpResidualEv
FNDA:0,_ZN17BVShearTractionBCC2ERK15InputParameters
FNDA:128,_ZN17BVShearTractionBC11validParamsEv
FNF:3
FNH:1
DA:20,128
DA:22,128
DA:23,128
DA:24,256
DA:25,256
DA:26,256
DA:27,128
DA:28,128
DA:29,0
DA:31,0
DA:33,0
DA:34,0
DA:35,0
DA:37,0
DA:38,0
DA:39,0
DA:42,0
DA:45,0
DA:47,0
DA:49,0
DA:50,0
DA:52,0
LF:22
LH:8
end_of_record
TN:
SF:/home/runner/work/beaver/beaver/src/fvkernels/BVFVMultiPhasePressureDarcy.C
FN:19,_ZN27BVFVMultiPhasePressureDarcy11validParamsEv
FN:28,_ZN27BVFVMultiPhasePressureDarcyC2ERK15InputParameters
FN:39,_ZN27BVFVMultiPhasePressureDarcy17computeQpResidualEv
FNDA:128,_ZN27BVFVMultiPhasePressureDarcy11validParamsEv
FNDA:0,_ZN27BVFVMultiPhasePressureDarcy17computeQpResidualEv
FNDA:0,_ZN27BVFVMultiPhasePressureDarcyC2ERK15InputParameters
FNF:3
FNH:1
DA:19,128
DA:21,128
DA:22,128
DA:24,128
DA:25,128
DA:26,0
DA:28,0
DA:30,0
DA:31,0
DA:33,0
DA:34,0
DA:35,0
DA:36,0
DA:39,0
DA:42,0
DA:44,0
LF:16
LH:5
end_of_record
TN:
SF:/home/runner/work/beaver/beaver/src/fvkernels/BVFVMultiPhasePressureTimeDerivative.C
FN:19,_ZN36BVFVMultiPhasePressureTimeDerivative11validParamsEv
FN:28,_ZN36BVFVMultiPhasePressureTimeDerivativeC2ERK15InputParameters
FN:41,_ZN36BVFVMultiPhasePressureTimeDerivative17computeQpResidualEv
FNDA:128,_ZN36BVFVMultiPhasePressureTimeDerivative11validParamsEv
FNDA:0,_ZN36BVFVMultiPhasePressureTimeDerivativeC2ERK15InputParameters
FNDA:0,_ZN36BVFVMultiPhasePressureTimeDerivative17computeQpResidualEv
FNF:3
FNH:1
DA:19,128
DA:21,128
DA:22,128
DA:23,256
DA:24,256
DA:25,128
DA:26,0
DA:28,0
DA:30,0
DA:31,0
DA:32,0
DA:33,0
DA:34,0
DA:35,0
DA:36,0
DA:38,0
DA:41,0
DA:43,0
DA:44,0
DA:45,0
DA:46,0
LF:21
LH:6
end_of_record
TN:
SF:/home/runner/work/beaver/beaver/src/fvkernels/BVFVMultiPhaseSaturationDarcy.C
FN:19,_ZN29BVFVMultiPhaseSaturationDarcy11validParamsEv
FN:30,_ZN29BVFVMultiPhaseSaturationDarcyC2ERK15InputParameters
FN:49,_ZN29BVFVMultiPhaseSaturationDarcy17computeQpResidualEv
FNDA:0,_ZN29BVFVMultiPhaseSaturationDarcy17computeQpResidualEv
FNDA:128,_ZN29BVFVMultiPhaseSaturationDarcy11validParamsEv
FNDA:0,_ZN29BVFVMultiPhaseSaturationDarcyC2ERK15InputParameters
FNF:3
FNH:1
DA:19,128
DA:21,128
DA:22,128
DA:23,256
DA:24,256
DA:26,256
DA:27,128
DA:28,128
DA:30,0
DA:32,0
DA:33,0
DA:34,0
DA:35,0
DA:36,0
DA:37,0
DA:38,0
DA:39,0
DA:40,0
DA:41,0
DA:43,0
DA:44,0
DA:45,0
DA:46,0
DA:49,0
DA:52,0
DA:56,0
DA:58,0
DA:59,0
DA:60,0
DA:61,0
DA:62,0
DA:63,0
DA:64,0
DA:65,0
DA:69,0
DA:71,0
LF:36
LH:8
end_of_record
TN:
SF:/home/runner/work/beaver/beaver/src/fvkernels/BVFVMultiPhaseSaturationTimeDerivative.C
FN:19,_ZN38BVFVMultiPhaseSaturationTimeDerivative11validParamsEv
FN:29,_ZN38BVFVMultiPhaseSaturationTimeDerivativeC2ERK15InputParameters
FN:40,_ZN38BVFVMultiPhaseSaturationTimeDerivative9phase_extB5cxx11Ev
FN:54,_ZN38BVFVMultiPhaseSaturationTimeDerivative17computeQpResidualEv
FNDA:128,_ZN38BVFVMultiPhaseSaturationTimeDerivative11validParamsEv
FNDA:0,_ZN38BVFVMultiPhaseSaturationTimeDerivative9phase_extB5cxx11Ev
FNDA:0,_ZN38BVFVMultiPhaseSaturationTimeDerivative17computeQpResidualEv
FNDA:0,_ZN38BVFVMultiPhaseSaturationTimeDerivativeC2ERK15InputParameters
FNF:4
FNH:1
DA:19,128
DA:21,128
DA:22,128
DA:23,256
DA:24,256
DA:26,128
DA:27,128
DA:29,0
DA:31,0
DA:32,0
DA:33,0
DA:34,0
DA:35,0
DA:37,0
DA:40,0
DA:42,0
DA:45,0
DA:47,0
DA:48,0
DA:49,0
DA:54,0
DA:56,0
DA:57,0
LF:23
LH:7
end_of_record
TN:
SF:/home/runner/work/beaver/beaver/src/fvkernels/BVFVSinglePhaseDarcy.C
FN:19,_ZN20BVFVSinglePhaseDarcy11validParamsEv
FN:28,_ZN20BVFVSinglePhaseDarcyC2ERK15InputParameters
FN:39,_ZN20BVFVSinglePhaseDarcy17computeQpResidualEv
FNDA:134,_ZN20BVFVSinglePhaseDarcy11validParamsEv
FNDA:27135,_ZN20BVFVSinglePhaseDarcy17computeQpResidualEv
FNDA:3,_ZN20BVFVSinglePhaseDarcyC2ERK15InputParameters
FNF:3
FNH:3
DA:19,134
DA:21,134
DA:22,134
DA:24,134
DA:25,134
DA:26,0
DA:28,3
DA:30,3
DA:31,9
DA:33,3
DA:34,0
DA:35,0
DA:36,3
DA:39,27135
DA:42,27135
DA:43,27135
LF:16
LH:13
end_of_record
TN:
SF:/home/runner/work/beaver/beaver/src/fvkernels/BVFVSinglePhaseSoluteDarcy.C
FN:19,_ZN26BVFVSinglePhaseSoluteDarcy11validParamsEv
FN:28,_ZN26BVFVSinglePhaseSoluteDarcyC2ERK15InputParameters
FN:39,_ZN26BVFVSinglePhaseSoluteDarcy17computeQpResidualEv
FNDA:0,_ZN26BVFVSinglePhaseSoluteDarcy17computeQpResidualEv
FNDA:128,_ZN26BVFVSinglePhaseSoluteDarcy11validParamsEv
FNDA:0,_ZN26BVFVSinglePhaseSoluteDarcyC2ERK15InputParameters
FNF:3
FNH:1
DA:19,128
DA:21,128
DA:22,128
DA:24,256
DA:25,128
DA:26,0
DA:28,0
DA:30,0
DA:31,0
DA:32,0
DA:33,0
DA:34,0
DA:36,0
DA:39,0
DA:43,0
DA:46,0
DA:49,0
DA:51,0
LF:18
LH:5
end_of_record
TN:
SF:/home/runner/work/beaver/beaver/src/fvkernels/BVFVSinglePhaseSoluteTimeDerivative.C
FN:19,_ZN35BVFVSinglePhaseSoluteTimeDerivative11validParamsEv
FN:27,_ZN35BVFVSinglePhaseSoluteTimeDerivativeC2ERK15InputParameters
FN:34,_ZN35BVFVSinglePhaseSoluteTimeDerivative17computeQpResidualEv
FNDA:0,_ZN35BVFVSinglePhaseSoluteTimeDerivative17computeQpResidualEv
FNDA:0,_ZN35BVFVSinglePhaseSoluteTimeDerivativeC2ERK15InputParameters
FNDA:128,_ZN35BVFVSinglePhaseSoluteTimeDerivative11validParamsEv
FNF:3
FNH:1
DA:19,128
DA:21,128
DA:22,128
DA:24,128
DA:25,0
DA:27,0
DA:28,0
DA:29,0
DA:31,0
DA:34,0
DA:36,0
LF:11
LH:4
end_of_record
TN:
SF:/home/runner/work/beaver/beaver/src/fvkernels/BVFVSinglePhaseTimeDerivative.C
FN:19,_ZN29BVFVSinglePhaseTimeDerivative11validParamsEv
FN:26,_ZN29BVFVSinglePhaseTimeDerivativeC2ERK15InputParameters
FN:38,_ZN29BVFVSinglePhaseTimeDerivative17computeQpResidualEv
FNDA:130,_ZN29BVFVSinglePhaseTimeDerivative11validParamsEv
FNDA:1,_ZN29BVFVSinglePhaseTimeDerivativeC2ERK15InputParameters
FNDA:2050,_ZN29BVFVSinglePhaseTimeDerivative17computeQpResidualEv
FNF:3
FNH:3
DA:19,130
DA:21,130
DA:22,130
DA:23,130
DA:24,0
DA:26,1
DA:28,1
DA:29,2
DA:30,2
DA:31,1
DA:32,1
DA:33,2
DA:35,1
DA:38,2050
DA:41,2050
DA:44,2050
DA:45,0
DA:47,2050
LF:18
LH:16
end_of_record
TN:
SF:/home/runner/work/beaver/beaver/src/fvkernels/BVTwoPointFluxApproximationBase.C
FN:17,_ZN31BVTwoPointFluxApproximationBase11validParamsEv
FN:24,_ZN31BVTwoPointFluxApproximationBaseC2ERK15InputParameters
FN:30,_ZNK31BVTwoPointFluxApproximationBase16transmissibilityERKN11MetaPhysicL10DualNumberIdNS0_28SemiDynamicSparseNumberArrayIdmNS0_8NWrapperILm64EEEEELb1EEES8_
FN:58,_ZNK31BVTwoPointFluxApproximationBase13diffusiveFluxERKN11MetaPhysicL10DualNumberIdNS0_28SemiDynamicSparseNumberArrayIdmNS0_8NWrapperILm64EEEEELb1EEES8_RK15MooseVariableFVIdE
FN:68,_ZNK31BVTwoPointFluxApproximationBase21advectiveFluxVariableERKN7libMesh11VectorValueIN11MetaPhysicL10DualNumberIdNS2_28SemiDynamicSparseNumberArrayIdmNS2_8NWrapperILm64EEEEELb1EEEEE
FN:79,_ZNK31BVTwoPointFluxApproximationBase21advectiveFluxMaterialERKN11MetaPhysicL10DualNumberIdNS0_28SemiDynamicSparseNumberArrayIdmNS0_8NWrapperILm64EEEEELb1EEES8_RKN7libMesh11VectorValueIS6_EE
FNDA:27135,_ZNK31BVTwoPointFluxApproximationBase16transmissibilityERKN11MetaPhysicL10DualNumberIdNS0_28SemiDynamicSparseNumberArrayIdmNS0_8NWrapperILm64EEEEELb1EEES8_
FNDA:3,_ZN31BVTwoPointFluxApproximationBaseC2ERK15InputParameters
FNDA:0,_ZNK31BVTwoPointFluxApproximationBase21advectiveFluxMaterialERKN11MetaPhysicL10DualNumberIdNS0_28SemiDynamicSparseNumberArrayIdmNS0_8NWrapperILm64EEEEELb1EEES8_RKN7libMesh11VectorValueIS6_EE
FNDA:27135,_ZNK31BVTwoPointFluxApproximationBase13diffusiveFluxERKN11MetaPhysicL10DualNumberIdNS0_28SemiDynamicSparseNumberArrayIdmNS0_8NWrapperILm64EEEEELb1EEES8_RK15MooseVariableFVIdE
FNDA:518,_ZN31BVTwoPointFluxApproximationBase11validParamsEv
FNDA:0,_ZNK31BVTwoPointFluxApproximationBase21advectiveFluxVariableERKN7libMesh11VectorValueIN11MetaPhysicL10DualNumberIdNS2_28SemiDynamicSparseNumberArrayIdmNS2_8NWrapperILm64EEEEELb1EEEEE
FNF:6
FNH:4
DA:17,518
DA:19,518
DA:20,518
DA:21,518
DA:22,0
DA:24,3
DA:25,3
DA:27,3
DA:30,27135
DA:35,27135
DA:39,26545
DA:40,0
DA:42,26545
DA:46,26545
DA:52,590
DA:54,27135
DA:58,27135
DA:62,27135
DA:64,27135
DA:68,0
DA:70,0
DA:71,0
DA:72,0
DA:73,0
DA:75,0
DA:79,0
DA:85,0
DA:86,0
DA:87,0
DA:89,0
DA:91,0
LF:31
LH:17
end_of_record
TN:
SF:/home/runner/work/beaver/beaver/src/kernels/BVSinglePhaseDarcy.C
FN:19,_ZN18BVSinglePhaseDarcy11validParamsEv
FN:27,_ZN18BVSinglePhaseDarcyC2ERK15InputParameters
FN:33,_ZN18BVSinglePhaseDarcy20precomputeQpResidualEv
FNDA:5,_ZN18BVSinglePhaseDarcyC2ERK15InputParameters
FNDA:431960,_ZN18BVSinglePhaseDarcy20precomputeQpResidualEv
FNDA:138,_ZN18BVSinglePhaseDarcy11validParamsEv
FNF:3
FNH:3
DA:19,138
DA:21,138
DA:22,138
DA:24,138
DA:25,0
DA:27,5
DA:28,10
DA:30,5
DA:33,431960
DA:35,431960
LF:10
LH:9
end_of_record
TN:
SF:/home/runner/work/beaver/beaver/src/kernels/BVSinglePhaseTimeDerivative.C
FN:19,_ZN27BVSinglePhaseTimeDerivative11validParamsEv
FN:26,_ZN27BVSinglePhaseTimeDerivativeC2ERK15InputParameters
FN:38,_ZN27BVSinglePhaseTimeDerivative20precomputeQpResidualEv
FNDA:361400,_ZN27BVSinglePhaseTimeDerivative20precomputeQpResidualEv
FNDA:3,_ZN27BVSinglePhaseTimeDerivativeC2ERK15InputParameters
FNDA:134,_ZN27BVSinglePhaseTimeDerivative11validParamsEv
FNF:3
FNH:3
DA:19,134
DA:21,134
DA:22,134
DA:23,134
DA:24,0
DA:26,3
DA:28,3
DA:29,6
DA:30,6
DA:31,3
DA:32,5
DA:33,8
DA:35,3
DA:38,361400
DA:41,361400
DA:44,361400
DA:45,527600
DA:47,361400
LF:18
LH:17
end_of_record
TN:
SF:/home/runner/work/beaver/beaver/src/kernels/BVStressDivergence.C
FN:19,_ZN18BVStressDivergence11validParamsEv
FN:36,_ZN18BVStressDivergenceC2ERK15InputParameters
FN:49,_ZN18BVStressDivergence17computeQpResidualEv
FNDA:9240896,_ZN18BVStressDivergence17computeQpResidualEv
FNDA:190,_ZN18BVStressDivergence11validParamsEv
FNDA:31,_ZN18BVStressDivergenceC2ERK15InputParameters
FNF:3
FNH:3
DA:19,190
DA:21,190
DA:22,190
DA:23,380
DA:24,190
DA:25,380
DA:26,380
DA:33,190
DA:34,190
DA:36,31
DA:38,31
DA:39,31
DA:40,62
DA:43,62
DA:44,66
DA:46,31
DA:49,9240896
DA:53,9240896
DA:54,9240896
DA:55,4220800
DA:57,9240896
LF:21
LH:21
end_of_record
TN:
SF:/home/runner/work/beaver/beaver/src/main.C
FN:21,main
FNDA:20,main
FNF:1
FNH:1
DA:21,20
DA:24,20
DA:27,20
DA:30,40
DA:33,20
LF:5
LH:5
end_of_record
TN:
SF:/home/runner/work/beaver/beaver/src/materials/BVBurgerModelUpdate.C
FN:19,_ZN19BVBurgerModelUpdate11validParamsEv
FN:30,_ZN19BVBurgerModelUpdateC2ERK15InputParameters
FN:42,_ZN19BVBurgerModelUpdate24initQpStatefulPropertiesEv
FN:48,_ZN19BVBurgerModelUpdate9creepRateERKN11MetaPhysicL10DualNumberIdNS0_28SemiDynamicSparseNumberArrayIdmNS0_8NWrapperILm64EEEEELb1EEE
FN:54,_ZN19BVBurgerModelUpdate16creepRateMaxwellERKN11MetaPhysicL10DualNumberIdNS0_28SemiDynamicSparseNumberArrayIdmNS0_8NWrapperILm64EEEEELb1EEE
FN:60,_ZN19BVBurgerModelUpdate15creepRateKelvinERKN11MetaPhysicL10DualNumberIdNS0_28SemiDynamicSparseNumberArrayIdmNS0_8NWrapperILm64EEEEELb1EEE
FN:68,_ZN19BVBurgerModelUpdate19creepRateDerivativeERKN11MetaPhysicL10DualNumberIdNS0_28SemiDynamicSparseNumberArrayIdmNS0_8NWrapperILm64EEEEELb1EEE
FN:74,_ZN19BVBurgerModelUpdate26creepRateMaxwellDerivativeERKN11MetaPhysicL10DualNumberIdNS0_28SemiDynamicSparseNumberArrayIdmNS0_8NWrapperILm64EEEEELb1EEE
FN:81,_ZN19BVBurgerModelUpdate25creepRateKelvinDerivativeERKN11MetaPhysicL10DualNumberIdNS0_28SemiDynamicSparseNumberArrayIdmNS0_8NWrapperILm64EEEEELb1EEE
FN:94,_ZN19BVBurgerModelUpdate16viscosityMaxwellERKN11MetaPhysicL10DualNumberIdNS0_28SemiDynamicSparseNumberArrayIdmNS0_8NWrapperILm64EEEEELb1EEE
FN:100,_ZN19BVBurgerModelUpdate15viscosityKelvinERKN11MetaPhysicL10DualNumberIdNS0_28SemiDynamicSparseNumberArrayIdmNS0_8NWrapperILm64EEEEELb1EEE
FN:107,_ZN19BVBurgerModelUpdate26viscosityMaxwellDerivativeERKN11MetaPhysicL10DualNumberIdNS0_28SemiDynamicSparseNumberArrayIdmNS0_8NWrapperILm64EEEEELb1EEE
FN:113,_ZN19BVBurgerModelUpdate25viscosityKelvinDerivativeERKN11MetaPhysicL10DualNumberIdNS0_28SemiDynamicSparseNumberArrayIdmNS0_8NWrapperILm64EEEEELb1EEE
FN:119,_ZN19BVBurgerModelUpdate18shearModulusKelvinERKN11MetaPhysicL10DualNumberIdNS0_28SemiDynamicSparseNumberArrayIdmNS0_8NWrapperILm64EEEEELb1EEE
FN:125,_ZN19BVBurgerModelUpdate28shearModulusKelvinDerivativeERKN11MetaPhysicL10DualNumberIdNS0_28SemiDynamicSparseNumberArrayIdmNS0_8NWrapperILm64EEEEELb1EEE
FN:131,_ZN19BVBurgerModelUpdate12preReturnMapEv
FN:137,_ZN19BVBurgerModelUpdate13postReturnMapERKN11MetaPhysicL10DualNumberIdNS0_28SemiDynamicSparseNumberArrayIdmNS0_8NWrapperILm64EEEEELb1EEE
FNDA:181760,_ZN19BVBurgerModelUpdate12preReturnMapEv
FNDA:158720,_ZN19BVBurgerModelUpdate25viscosityKelvinDerivativeERKN11MetaPhysicL10DualNumberIdNS0_28SemiDynamicSparseNumberArrayIdmNS0_8NWrapperILm64EEEEELb1EEE
FNDA:4608,_ZN19BVBurgerModelUpdate24initQpStatefulPropertiesEv
FNDA:264,_ZN19BVBurgerModelUpdate11validParamsEv
FNDA:1080320,_ZN19BVBurgerModelUpdate19creepRateDerivativeERKN11MetaPhysicL10DualNumberIdNS0_28SemiDynamicSparseNumberArrayIdmNS0_8NWrapperILm64EEEEELb1EEE
FNDA:158720,_ZN19BVBurgerModelUpdate28shearModulusKelvinDerivativeERKN11MetaPhysicL10DualNumberIdNS0_28SemiDynamicSparseNumberArrayIdmNS0_8NWrapperILm64EEEEELb1EEE
FNDA:1262080,_ZN19BVBurgerModelUpdate9creepRateERKN11MetaPhysicL10DualNumberIdNS0_28SemiDynamicSparseNumberArrayIdmNS0_8NWrapperILm64EEEEELb1EEE
FNDA:1262080,_ZN19BVBurgerModelUpdate16creepRateMaxwellERKN11MetaPhysicL10DualNumberIdNS0_28SemiDynamicSparseNumberArrayIdmNS0_8NWrapperILm64EEEEELb1EEE
FNDA:1443840,_ZN19BVBurgerModelUpdate15creepRateKelvinERKN11MetaPhysicL10DualNumberIdNS0_28SemiDynamicSparseNumberArrayIdmNS0_8NWrapperILm64EEEEELb1EEE
FNDA:1080320,_ZN19BVBurgerModelUpdate26creepRateMaxwellDerivativeERKN11MetaPhysicL10DualNumberIdNS0_28SemiDynamicSparseNumberArrayIdmNS0_8NWrapperILm64EEEEELb1EEE
FNDA:158720,_ZN19BVBurgerModelUpdate26viscosityMaxwellDerivativeERKN11MetaPhysicL10DualNumberIdNS0_28SemiDynamicSparseNumberArrayIdmNS0_8NWrapperILm64EEEEELb1EEE
FNDA:555520,_ZN19BVBurgerModelUpdate16viscosityMaxwellERKN11MetaPhysicL10DualNumberIdNS0_28SemiDynamicSparseNumberArrayIdmNS0_8NWrapperILm64EEEEELb1EEE
FNDA:1269760,_ZN19BVBurgerModelUpdate18shearModulusKelvinERKN11MetaPhysicL10DualNumberIdNS0_28SemiDynamicSparseNumberArrayIdmNS0_8NWrapperILm64EEEEELb1EEE
FNDA:1745920,_ZN19BVBurgerModelUpdate15viscosityKelvinERKN11MetaPhysicL10DualNumberIdNS0_28SemiDynamicSparseNumberArrayIdmNS0_8NWrapperILm64EEEEELb1EEE
FNDA:181760,_ZN19BVBurgerModelUpdate13postReturnMapERKN11MetaPhysicL10DualNumberIdNS0_28SemiDynamicSparseNumberArrayIdmNS0_8NWrapperILm64EEEEELb1EEE
FNDA:6,_ZN19BVBurgerModelUpdateC2ERK15InputParameters
FNDA:1080320,_ZN19BVBurgerModelUpdate25creepRateKelvinDerivativeERKN11MetaPhysicL10DualNumberIdNS0_28SemiDynamicSparseNumberArrayIdmNS0_8NWrapperILm64EEEEELb1EEE
FNF:17
FNH:17
DA:19,264
DA:21,264
DA:22,264
DA:23,528
DA:24,528
DA:25,528
DA:27,264
DA:28,0
DA:30,6
DA:32,6
DA:33,12
DA:34,12
DA:36,6
DA:37,18
DA:39,6
DA:42,4608
DA:44,4608
DA:45,4608
DA:48,1262080
DA:50,1262080
DA:54,1262080
DA:56,1262080
DA:60,1443840
DA:62,1443840
DA:63,1443840
DA:64,4331520
DA:68,1080320
DA:70,1080320
DA:74,1080320
DA:76,2160640
DA:77,2160640
DA:81,1080320
DA:83,1080320
DA:84,1080320
DA:85,1080320
DA:86,1080320
DA:87,1080320
DA:88,1080320
DA:89,2160640
DA:90,4321280
DA:94,555520
DA:96,555520
DA:100,1745920
DA:102,1745920
DA:107,158720
DA:109,158720
DA:113,158720
DA:115,158720
DA:119,1269760
DA:121,1269760
DA:125,158720
DA:127,158720
DA:131,181760
DA:133,181760
DA:134,181760
DA:137,181760
DA:139,545280
DA:140,181760
LF:58
LH:57
end_of_record
TN:
SF:/home/runner/work/beaver/beaver/src/materials/BVCapillaryPressureBase.C
FN:17,_ZN23BVCapillaryPressureBase11validParamsEv
FN:25,_ZN23BVCapillaryPressureBaseC2ERK15InputParameters
FNDA:0,_ZN23BVCapillaryPressureBaseC2ERK15InputParameters
FNDA:128,_ZN23BVCapillaryPressureBase11validParamsEv
FNF:2
FNH:1
DA:17,128
DA:19,128
DA:20,128
DA:21,256
DA:22,128
DA:23,0
DA:25,0
DA:27,0
DA:28,0
DA:29,0
DA:31,0
LF:11
LH:5
end_of_record
TN:
SF:/home/runner/work/beaver/beaver/src/materials/BVCapillaryPressurePowerLaw.C
FN:19,_ZN27BVCapillaryPressurePowerLaw11validParamsEv
FN:28,_ZN27BVCapillaryPressurePowerLawC2ERK15InputParameters
FN:36,_ZN27BVCapillaryPressurePowerLaw19computeQpPropertiesEv
FNDA:0,_ZN27BVCapillaryPressurePowerLawC2ERK15InputParameters
FNDA:0,_ZN27BVCapillaryPressurePowerLaw19computeQpPropertiesEv
FNDA:128,_ZN27BVCapillaryPressurePowerLaw11validParamsEv
FNF:3
FNH:1
DA:19,128
DA:21,128
DA:22,128
DA:23,256
DA:24,256
DA:25,128
DA:26,0
DA:28,0
DA:30,0
DA:31,0
DA:33,0
DA:36,0
DA:39,0
DA:40,0
DA:41,0
LF:15
LH:6
end_of_record
TN:
SF:/home/runner/work/beaver/beaver/src/materials/BVConstantDispersion.C
FN:19,_ZN20BVConstantDispersion11validParamsEv
FN:28,_ZN20BVConstantDispersionC2ERK15InputParameters
FN:34,_ZN20BVConstantDispersion19computeQpPropertiesEv
FNDA:0,_ZN20BVConstantDispersionC2ERK15InputParameters
FNDA:128,_ZN20BVConstantDispersion11validParamsEv
FNDA:0,_ZN20BVConstantDispersion19computeQpPropertiesEv
FNF:3
FNH:1
DA:19,128
DA:21,128
DA:22,128
DA:23,256
DA:25,128
DA:26,0
DA:28,0
DA:29,0
DA:31,0
DA:34,0
DA:36,0
DA:37,0
LF:12
LH:5
end_of_record
TN:
SF:/home/runner/work/beaver/beaver/src/materials/BVConstantPermeability.C
FN:19,_ZN22BVConstantPermeability11validParamsEv
FN:28,_ZN22BVConstantPermeabilityC2ERK15InputParameters
FN:34,_ZN22BVConstantPermeability19computeQpPropertiesEv
FNDA:168,_ZN22BVConstantPermeability11validParamsEv
FNDA:30,_ZN22BVConstantPermeabilityC2ERK15InputParameters
FNDA:558536,_ZN22BVConstantPermeability19computeQpPropertiesEv
FNF:3
FNH:3
DA:19,168
DA:21,168
DA:22,168
DA:23,336
DA:25,168
DA:26,0
DA:28,30
DA:29,60
DA:31,30
DA:34,558536
DA:36,558536
DA:37,558536
LF:12
LH:11
end_of_record
TN:
SF:/home/runner/work/beaver/beaver/src/materials/BVConstantPorosity.C
FN:19,_ZN18BVConstantPorosity11validParamsEv
FN:28,_ZN18BVConstantPorosityC2ERK15InputParameters
FN:34,_ZN18BVConstantPorosity24initQpStatefulPropertiesEv
FN:40,_ZN18BVConstantPorosity19computeQpPropertiesEv
FNDA:0,_ZN18BVConstantPorosity24initQpStatefulPropertiesEv
FNDA:12,_ZN18BVConstantPorosityC2ERK15InputParameters
FNDA:412606,_ZN18BVConstantPorosity19computeQpPropertiesEv
FNDA:144,_ZN18BVConstantPorosity11validParamsEv
FNF:4
FNH:3
DA:19,144
DA:21,144
DA:22,144
DA:23,288
DA:25,144
DA:26,0
DA:28,12
DA:29,24
DA:31,12
DA:34,0
DA:36,0
DA:37,0
DA:40,412606
DA:42,412606
DA:43,412606
LF:15
LH:11
end_of_record
TN:
SF:/home/runner/work/beaver/beaver/src/materials/BVCreepUpdateBase.C
FN:18,_ZN17BVCreepUpdateBase11validParamsEv
FN:30,_ZN17BVCreepUpdateBaseC2ERK15InputParameters
FN:38,_ZN17BVCreepUpdateBase15inelasticUpdateER18RankTwoTensorTemplIN11MetaPhysicL10DualNumberIdNS1_28SemiDynamicSparseNumberArrayIdmNS1_8NWrapperILm64EEEEELb1EEEERK19RankFourTensorTemplIdE
FN:71,_ZN17BVCreepUpdateBase9returnMapEv
FN:98,_ZN17BVCreepUpdateBase8residualERKN11MetaPhysicL10DualNumberIdNS0_28SemiDynamicSparseNumberArrayIdmNS0_8NWrapperILm64EEEEELb1EEE
FN:104,_ZN17BVCreepUpdateBase8jacobianERKN11MetaPhysicL10DualNumberIdNS0_28SemiDynamicSparseNumberArrayIdmNS0_8NWrapperILm64EEEEELb1EEE
FN:110,_ZN17BVCreepUpdateBase25reformPlasticStrainTensorERKN11MetaPhysicL10DualNumberIdNS0_28SemiDynamicSparseNumberArrayIdmNS0_8NWrapperILm64EEEEELb1EEE
FN:119,_ZN17BVCreepUpdateBase12preReturnMapEv
FN:124,_ZN17BVCreepUpdateBase13postReturnMapERKN11MetaPhysicL10DualNumberIdNS0_28SemiDynamicSparseNumberArrayIdmNS0_8NWrapperILm64EEEEELb1EEE
FNDA:1386496,_ZN17BVCreepUpdateBase8jacobianERKN11MetaPhysicL10DualNumberIdNS0_28SemiDynamicSparseNumberArrayIdmNS0_8NWrapperILm64EEEEELb1EEE
FNDA:12,_ZN17BVCreepUpdateBaseC2ERK15InputParameters
FNDA:528,_ZN17BVCreepUpdateBase11validParamsEv
FNDA:334848,_ZN17BVCreepUpdateBase9returnMapEv
FNDA:1386496,_ZN17BVCreepUpdateBase8residualERKN11MetaPhysicL10DualNumberIdNS0_28SemiDynamicSparseNumberArrayIdmNS0_8NWrapperILm64EEEEELb1EEE
FNDA:334848,_ZN17BVCreepUpdateBase25reformPlasticStrainTensorERKN11MetaPhysicL10DualNumberIdNS0_28SemiDynamicSparseNumberArrayIdmNS0_8NWrapperILm64EEEEELb1EEE
FNDA:73728,_ZN17BVCreepUpdateBase12preReturnMapEv
FNDA:334848,_ZN17BVCreepUpdateBase15inelasticUpdateER18RankTwoTensorTemplIN11MetaPhysicL10DualNumberIdNS1_28SemiDynamicSparseNumberArrayIdmNS1_8NWrapperILm64EEEEELb1EEEERK19RankFourTensorTemplIdE
FNDA:73728,_ZN17BVCreepUpdateBase13postReturnMapERKN11MetaPhysicL10DualNumberIdNS0_28SemiDynamicSparseNumberArrayIdmNS0_8NWrapperILm64EEEEELb1EEE
FNF:9
FNH:9
DA:18,528
DA:20,528
DA:21,528
DA:22,1056
DA:27,528
DA:28,0
DA:30,12
DA:32,12
DA:33,24
DA:35,12
DA:38,334848
DA:49,334848
DA:51,669696
DA:53,334848
DA:56,334848
DA:59,334848
DA:62,334848
DA:65,334848
DA:66,669696
DA:67,334848
DA:68,334848
DA:71,334848
DA:74,334848
DA:77,334848
DA:79,334848
DA:80,334848
DA:83,1051648
DA:85,1051648
DA:87,1051648
DA:88,1051648
DA:91,3202048
DA:92,334848
DA:94,0
DA:98,1386496
DA:100,4159488
DA:104,1386496
DA:106,2772992
DA:110,334848
DA:113,334848
DA:115,669696
DA:119,73728
DA:121,73728
DA:124,73728
DA:126,73728
LF:44
LH:42
end_of_record
TN:
SF:/home/runner/work/beaver/beaver/src/materials/BVDispersionBase.C
FN:17,_ZN16BVDispersionBase11validParamsEv
FN:25,_ZN16BVDispersionBaseC2ERK15InputParameters
FNDA:0,_ZN16BVDispersionBaseC2ERK15InputParameters
FNDA:128,_ZN16BVDispersionBase11validParamsEv
FNF:2
FNH:1
DA:17,128
DA:19,128
DA:20,128
DA:22,128
DA:23,0
DA:25,0
DA:26,0
DA:28,0
LF:8
LH:4
end_of_record
TN:
SF:/home/runner/work/beaver/beaver/src/materials/BVFluidProperties.C
FN:19,_ZN17BVFluidProperties11validParamsEv
FN:34,_ZN17BVFluidPropertiesC2ERK15InputParameters
FN:47,_ZN17BVFluidProperties9phase_extB5cxx11Ev
FN:63,_ZN17BVFluidProperties24initQpStatefulPropertiesEv
FN:70,_ZN17BVFluidProperties19computeQpPropertiesEv
FNDA:3508,_ZN17BVFluidProperties24initQpStatefulPropertiesEv
FNDA:160,_ZN17BVFluidProperties11validParamsEv
FNDA:24,_ZN17BVFluidPropertiesC2ERK15InputParameters
FNDA:558536,_ZN17BVFluidProperties19computeQpPropertiesEv
FNDA:24,_ZN17BVFluidProperties9phase_extB5cxx11Ev
FNF:5
FNH:5
DA:19,160
DA:21,160
DA:22,160
DA:24,320
DA:25,320
DA:26,320
DA:28,320
DA:29,320
DA:31,160
DA:32,160
DA:34,24
DA:36,24
DA:37,24
DA:38,48
DA:39,24
DA:40,24
DA:41,24
DA:42,48
DA:44,24
DA:47,24
DA:49,24
DA:52,0
DA:54,0
DA:56,24
DA:57,0
DA:58,0
DA:63,3508
DA:65,3508
DA:66,3508
DA:67,3508
DA:70,558536
DA:72,558536
DA:73,558536
DA:74,558536
LF:34
LH:30
end_of_record
TN:
SF:/home/runner/work/beaver/beaver/src/materials/BVInelasticUpdateBase.C
FN:17,_ZN21BVInelasticUpdateBase11validParamsEv
FN:41,_ZN21BVInelasticUpdateBaseC2ERK15InputParameters
FN:50,_ZN21BVInelasticUpdateBase5setQpEj
FNDA:334848,_ZN21BVInelasticUpdateBase5setQpEj
FNDA:12,_ZN21BVInelasticUpdateBaseC2ERK15InputParameters
FNDA:528,_ZN21BVInelasticUpdateBase11validParamsEv
FNF:3
FNH:3
DA:17,528
DA:19,528
DA:20,528
DA:22,1584
DA:23,1056
DA:26,1584
DA:27,1056
DA:30,1584
DA:32,1056
DA:36,528
DA:37,528
DA:38,528
DA:39,0
DA:41,12
DA:43,12
DA:44,24
DA:45,36
DA:47,12
DA:50,334848
DA:52,334848
DA:53,334848
LF:21
LH:20
end_of_record
TN:
SF:/home/runner/work/beaver/beaver/src/materials/BVKelvinViscoelasticUpdate.C
FN:19,_ZN26BVKelvinViscoelasticUpdate11validParamsEv
FN:29,_ZN26BVKelvinViscoelasticUpdateC2ERK15InputParameters
FN:40,_ZN26BVKelvinViscoelasticUpdate24initQpStatefulPropertiesEv
FN:46,_ZN26BVKelvinViscoelasticUpdate9creepRateERKN11MetaPhysicL10DualNumberIdNS0_28SemiDynamicSparseNumberArrayIdmNS0_8NWrapperILm64EEEEELb1EEE
FN:54,_ZN26BVKelvinViscoelasticUpdate19creepRateDerivativeERKN11MetaPhysicL10DualNumberIdNS0_28SemiDynamicSparseNumberArrayIdmNS0_8NWrapperILm64EEEEELb1EEE
FN:67,_ZN26BVKelvinViscoelasticUpdate9viscosityERKN11MetaPhysicL10DualNumberIdNS0_28SemiDynamicSparseNumberArrayIdmNS0_8NWrapperILm64EEEEELb1EEE
FN:73,_ZN26BVKelvinViscoelasticUpdate19viscosityDerivativeERKN11MetaPhysicL10DualNumberIdNS0_28SemiDynamicSparseNumberArrayIdmNS0_8NWrapperILm64EEEEELb1EEE
FN:79,_ZN26BVKelvinViscoelasticUpdate12shearModulusERKN11MetaPhysicL10DualNumberIdNS0_28SemiDynamicSparseNumberArrayIdmNS0_8NWrapperILm64EEEEELb1EEE
FN:85,_ZN26BVKelvinViscoelasticUpdate22shearModulusDerivativeERKN11MetaPhysicL10DualNumberIdNS0_28SemiDynamicSparseNumberArrayIdmNS0_8NWrapperILm64EEEEELb1EEE
FN:91,_ZN26BVKelvinViscoelasticUpdate12preReturnMapEv
FN:97,_ZN26BVKelvinViscoelasticUpdate13postReturnMapERKN11MetaPhysicL10DualNumberIdNS0_28SemiDynamicSparseNumberArrayIdmNS0_8NWrapperILm64EEEEELb1EEE
FNDA:158720,_ZN26BVKelvinViscoelasticUpdate19creepRateDerivativeERKN11MetaPhysicL10DualNumberIdNS0_28SemiDynamicSparseNumberArrayIdmNS0_8NWrapperILm64EEEEELb1EEE
FNDA:132,_ZN26BVKelvinViscoelasticUpdate11validParamsEv
FNDA:158720,_ZN26BVKelvinViscoelasticUpdate19viscosityDerivativeERKN11MetaPhysicL10DualNumberIdNS0_28SemiDynamicSparseNumberArrayIdmNS0_8NWrapperILm64EEEEELb1EEE
FNDA:3,_ZN26BVKelvinViscoelasticUpdateC2ERK15InputParameters
FNDA:158720,_ZN26BVKelvinViscoelasticUpdate22shearModulusDerivativeERKN11MetaPhysicL10DualNumberIdNS0_28SemiDynamicSparseNumberArrayIdmNS0_8NWrapperILm64EEEEELb1EEE
FNDA:317440,_ZN26BVKelvinViscoelasticUpdate9creepRateERKN11MetaPhysicL10DualNumberIdNS0_28SemiDynamicSparseNumberArrayIdmNS0_8NWrapperILm64EEEEELb1EEE
FNDA:79360,_ZN26BVKelvinViscoelasticUpdate13postReturnMapERKN11MetaPhysicL10DualNumberIdNS0_28SemiDynamicSparseNumberArrayIdmNS0_8NWrapperILm64EEEEELb1EEE
FNDA:1745920,_ZN26BVKelvinViscoelasticUpdate9viscosityERKN11MetaPhysicL10DualNumberIdNS0_28SemiDynamicSparseNumberArrayIdmNS0_8NWrapperILm64EEEEELb1EEE
FNDA:2304,_ZN26BVKelvinViscoelasticUpdate24initQpStatefulPropertiesEv
FNDA:79360,_ZN26BVKelvinViscoelasticUpdate12preReturnMapEv
FNDA:1269760,_ZN26BVKelvinViscoelasticUpdate12shearModulusERKN11MetaPhysicL10DualNumberIdNS0_28SemiDynamicSparseNumberArrayIdmNS0_8NWrapperILm64EEEEELb1EEE
FNF:11
FNH:11
DA:19,132
DA:21,132
DA:22,132
DA:23,264
DA:24,264
DA:26,132
DA:27,0
DA:29,3
DA:31,3
DA:32,6
DA:34,3
DA:35,9
DA:37,3
DA:40,2304
DA:42,2304
DA:43,2304
DA:46,317440
DA:48,317440
DA:49,317440
DA:50,952320
DA:54,158720
DA:56,158720
DA:57,158720
DA:58,158720
DA:59,158720
DA:60,158720
DA:61,158720
DA:62,317440
DA:63,634880
DA:67,1745920
DA:69,1745920
DA:73,158720
DA:75,158720
DA:79,1269760
DA:81,1269760
DA:85,158720
DA:87,158720
DA:91,79360
DA:93,79360
DA:94,79360
DA:97,79360
DA:99,238080
DA:100,79360
LF:43
LH:42
end_of_record
TN:
SF:/home/runner/work/beaver/beaver/src/materials/BVLubby2ModelUpdate.C
FN:19,_ZN19BVLubby2ModelUpdate11validParamsEv
FN:30,_ZN19BVLubby2ModelUpdateC2ERK15InputParameters
FN:40,_ZN19BVLubby2ModelUpdate16viscosityMaxwellERKN11MetaPhysicL10DualNumberIdNS0_28SemiDynamicSparseNumberArrayIdmNS0_8NWrapperILm64EEEEELb1EEE
FN:46,_ZN19BVLubby2ModelUpdate15viscosityKelvinERKN11MetaPhysicL10DualNumberIdNS0_28SemiDynamicSparseNumberArrayIdmNS0_8NWrapperILm64EEEEELb1EEE
FN:53,_ZN19BVLubby2ModelUpdate26viscosityMaxwellDerivativeERKN11MetaPhysicL10DualNumberIdNS0_28SemiDynamicSparseNumberArrayIdmNS0_8NWrapperILm64EEEEELb1EEE
FN:59,_ZN19BVLubby2ModelUpdate25viscosityKelvinDerivativeERKN11MetaPhysicL10DualNumberIdNS0_28SemiDynamicSparseNumberArrayIdmNS0_8NWrapperILm64EEEEELb1EEE
FN:65,_ZN19BVLubby2ModelUpdate18shearModulusKelvinERKN11MetaPhysicL10DualNumberIdNS0_28SemiDynamicSparseNumberArrayIdmNS0_8NWrapperILm64EEEEELb1EEE
FN:71,_ZN19BVLubby2ModelUpdate28shearModulusKelvinDerivativeERKN11MetaPhysicL10DualNumberIdNS0_28SemiDynamicSparseNumberArrayIdmNS0_8NWrapperILm64EEEEELb1EEE
FNDA:6860800,_ZN19BVLubby2ModelUpdate18shearModulusKelvinERKN11MetaPhysicL10DualNumberIdNS0_28SemiDynamicSparseNumberArrayIdmNS0_8NWrapperILm64EEEEELb1EEE
FNDA:3788800,_ZN19BVLubby2ModelUpdate16viscosityMaxwellERKN11MetaPhysicL10DualNumberIdNS0_28SemiDynamicSparseNumberArrayIdmNS0_8NWrapperILm64EEEEELb1EEE
FNDA:8908800,_ZN19BVLubby2ModelUpdate15viscosityKelvinERKN11MetaPhysicL10DualNumberIdNS0_28SemiDynamicSparseNumberArrayIdmNS0_8NWrapperILm64EEEEELb1EEE
FNDA:132,_ZN19BVLubby2ModelUpdate11validParamsEv
FNDA:921600,_ZN19BVLubby2ModelUpdate26viscosityMaxwellDerivativeERKN11MetaPhysicL10DualNumberIdNS0_28SemiDynamicSparseNumberArrayIdmNS0_8NWrapperILm64EEEEELb1EEE
FNDA:921600,_ZN19BVLubby2ModelUpdate28shearModulusKelvinDerivativeERKN11MetaPhysicL10DualNumberIdNS0_28SemiDynamicSparseNumberArrayIdmNS0_8NWrapperILm64EEEEELb1EEE
FNDA:3,_ZN19BVLubby2ModelUpdateC2ERK15InputParameters
FNDA:921600,_ZN19BVLubby2ModelUpdate25viscosityKelvinDerivativeERKN11MetaPhysicL10DualNumberIdNS0_28SemiDynamicSparseNumberArrayIdmNS0_8NWrapperILm64EEEEELb1EEE
FNF:8
FNH:8
DA:19,132
DA:21,132
DA:22,132
DA:23,264
DA:24,264
DA:25,264
DA:26,264
DA:27,132
DA:28,0
DA:30,3
DA:32,3
DA:33,6
DA:34,6
DA:35,9
DA:37,3
DA:40,3788800
DA:42,7577600
DA:46,8908800
DA:48,17817600
DA:53,921600
DA:55,921600
DA:59,921600
DA:61,921600
DA:65,6860800
DA:67,13721600
DA:71,921600
DA:73,921600
LF:27
LH:26
end_of_record
TN:
SF:/home/runner/work/beaver/beaver/src/materials/BVMaxwellViscoelasticUpdate.C
FN:19,_ZN27BVMaxwellViscoelasticUpdate11validParamsEv
FN:27,_ZN27BVMaxwellViscoelasticUpdateC2ERK15InputParameters
FN:33,_ZN27BVMaxwellViscoelasticUpdate9creepRateERKN11MetaPhysicL10DualNumberIdNS0_28SemiDynamicSparseNumberArrayIdmNS0_8NWrapperILm64EEEEELb1EEE
FN:39,_ZN27BVMaxwellViscoelasticUpdate19creepRateDerivativeERKN11MetaPhysicL10DualNumberIdNS0_28SemiDynamicSparseNumberArrayIdmNS0_8NWrapperILm64EEEEELb1EEE
FN:46,_ZN27BVMaxwellViscoelasticUpdate9viscosityERKN11MetaPhysicL10DualNumberIdNS0_28SemiDynamicSparseNumberArrayIdmNS0_8NWrapperILm64EEEEELb1EEE
FN:52,_ZN27BVMaxwellViscoelasticUpdate19viscosityDerivativeERKN11MetaPhysicL10DualNumberIdNS0_28SemiDynamicSparseNumberArrayIdmNS0_8NWrapperILm64EEEEELb1EEE
FNDA:147456,_ZN27BVMaxwellViscoelasticUpdate19creepRateDerivativeERKN11MetaPhysicL10DualNumberIdNS0_28SemiDynamicSparseNumberArrayIdmNS0_8NWrapperILm64EEEEELb1EEE
FNDA:147456,_ZN27BVMaxwellViscoelasticUpdate19viscosityDerivativeERKN11MetaPhysicL10DualNumberIdNS0_28SemiDynamicSparseNumberArrayIdmNS0_8NWrapperILm64EEEEELb1EEE
FNDA:221184,_ZN27BVMaxwellViscoelasticUpdate9creepRateERKN11MetaPhysicL10DualNumberIdNS0_28SemiDynamicSparseNumberArrayIdmNS0_8NWrapperILm64EEEEELb1EEE
FNDA:3,_ZN27BVMaxwellViscoelasticUpdateC2ERK15InputParameters
FNDA:516096,_ZN27BVMaxwellViscoelasticUpdate9viscosityERKN11MetaPhysicL10DualNumberIdNS0_28SemiDynamicSparseNumberArrayIdmNS0_8NWrapperILm64EEEEELb1EEE
FNDA:132,_ZN27BVMaxwellViscoelasticUpdate11validParamsEv
FNF:6
FNH:6
DA:19,132
DA:21,132
DA:22,132
DA:23,264
DA:24,132
DA:25,0
DA:27,3
DA:28,6
DA:30,3
DA:33,221184
DA:35,221184
DA:39,147456
DA:41,294912
DA:42,294912
DA:46,516096
DA:48,516096
DA:52,147456
DA:54,147456
LF:18
LH:17
end_of_record
TN:
SF:/home/runner/work/beaver/beaver/src/materials/BVMechanicalMaterial.C
FN:20,_ZN20BVMechanicalMaterial11validParamsEv
FN:55,_ZN20BVMechanicalMaterialC2ERK15InputParameters
FN:78,_ZN20BVMechanicalMaterial12initialSetupEv
FN:107,_ZN20BVMechanicalMaterial23elasticModuliInputCheckEv
FN:136,_ZN20BVMechanicalMaterial26displacementIntegrityCheckEv
FN:146,_ZN20BVMechanicalMaterial25initializeInelasticModelsEv
FN:167,_ZN20BVMechanicalMaterial23initializeInitialStressEv
FN:184,_ZN20BVMechanicalMaterial24initQpStatefulPropertiesEv
FN:199,_ZN20BVMechanicalMaterial19computeQpPropertiesEv
FN:207,_ZN20BVMechanicalMaterial24computeQpStrainIncrementEv
FN:228,_ZN20BVMechanicalMaterial20computeQpSmallStrainERK18RankTwoTensorTemplIN11MetaPhysicL10DualNumberIdNS1_28SemiDynamicSparseNumberArrayIdmNS1_8NWrapperILm64EEEEELb1EEEERKS0_IdE
FN:238,_ZN20BVMechanicalMaterial21computeQpFiniteStrainERK18RankTwoTensorTemplIN11MetaPhysicL10DualNumberIdNS1_28SemiDynamicSparseNumberArrayIdmNS1_8NWrapperILm64EEEEELb1EEEERKS0_IdE
FN:255,_ZN20BVMechanicalMaterial25computeQpElasticityTensorEv
FN:265,_ZN20BVMechanicalMaterial15computeQpStressEv
FN:282,_ZN20BVMechanicalMaterial12spinRotationERK18RankTwoTensorTemplIN11MetaPhysicL10DualNumberIdNS1_28SemiDynamicSparseNumberArrayIdmNS1_8NWrapperILm64EEEEELb1EEEE
FNDA:33,_ZN20BVMechanicalMaterialC2ERK15InputParameters
FNDA:31,_ZN20BVMechanicalMaterial12initialSetupEv
FNDA:660484,_ZN20BVMechanicalMaterial24computeQpStrainIncrementEv
FNDA:30,_ZN20BVMechanicalMaterial26displacementIntegrityCheckEv
FNDA:30,_ZN20BVMechanicalMaterial23initializeInitialStressEv
FNDA:660484,_ZN20BVMechanicalMaterial19computeQpPropertiesEv
FNDA:660484,_ZN20BVMechanicalMaterial15computeQpStressEv
FNDA:31,_ZN20BVMechanicalMaterial23elasticModuliInputCheckEv
FNDA:172,_ZN20BVMechanicalMaterial11validParamsEv
FNDA:30,_ZN20BVMechanicalMaterial25initializeInelasticModelsEv
FNDA:15540,_ZN20BVMechanicalMaterial24initQpStatefulPropertiesEv
FNDA:0,_ZN20BVMechanicalMaterial21computeQpFiniteStrainERK18RankTwoTensorTemplIN11MetaPhysicL10DualNumberIdNS1_28SemiDynamicSparseNumberArrayIdmNS1_8NWrapperILm64EEEEELb1EEEERKS0_IdE
FNDA:660484,_ZN20BVMechanicalMaterial25computeQpElasticityTensorEv
FNDA:660484,_ZN20BVMechanicalMaterial20computeQpSmallStrainERK18RankTwoTensorTemplIN11MetaPhysicL10DualNumberIdNS1_28SemiDynamicSparseNumberArrayIdmNS1_8NWrapperILm64EEEEELb1EEEERKS0_IdE
FNDA:660484,_ZN20BVMechanicalMaterial12spinRotationERK18RankTwoTensorTemplIN11MetaPhysicL10DualNumberIdNS1_28SemiDynamicSparseNumberArrayIdmNS1_8NWrapperILm64EEEEELb1EEEE
FNF:15
FNH:14
DA:20,172
DA:22,172
DA:23,172
DA:25,344
DA:29,344
DA:30,344
DA:33,344
DA:35,344
DA:37,344
DA:39,344
DA:42,344
DA:45,344
DA:51,172
DA:52,172
DA:53,172
DA:55,33
DA:58,33
DA:59,33
DA:60,33
DA:62,66
DA:64,33
DA:65,33
DA:67,33
DA:69,33
DA:70,99
DA:72,66
DA:73,0
DA:75,33
DA:78,31
DA:80,31
DA:82,30
DA:84,30
DA:86,30
DA:89,114
DA:91,84
DA:92,84
DA:93,84
DA:95,0
DA:99,36
DA:101,6
DA:102,6
DA:104,30
DA:107,31
DA:109,104
DA:111,36
DA:112,36
DA:114,44
DA:116,18
DA:117,18
DA:119,9
DA:120,9
DA:122,14
DA:124,6
DA:126,6
DA:127,3
DA:130,1
DA:133,30
DA:136,30
DA:139,30
DA:140,0
DA:143,30
DA:146,30
DA:148,90
DA:149,30
DA:150,30
DA:151,30
DA:153,24
DA:156,12
DA:158,12
DA:159,12
DA:161,0
DA:164,30
DA:167,30
DA:169,90
DA:170,30
DA:171,30
DA:172,0
DA:174,30
DA:176,12
DA:178,48
DA:179,36
DA:181,30
DA:184,15540
DA:186,15540
DA:187,15540
DA:188,15540
DA:190,10112
DA:191,40448
DA:192,30336
DA:193,10112
DA:195,15540
DA:196,15540
DA:199,660484
DA:201,660484
DA:202,660484
DA:203,660484
DA:204,660484
DA:207,660484
DA:210,660484
DA:212,660484
DA:214,660484
DA:216,660484
DA:217,660484
DA:219,0
DA:220,0
DA:222,0
DA:223,0
DA:225,660484
DA:228,660484
DA:231,660484
DA:233,1320968
DA:234,1320968
DA:235,660484
DA:238,0
DA:242,0
DA:243,0
DA:244,0
DA:247,0
DA:248,0
DA:250,0
DA:251,0
DA:252,0
DA:255,660484
DA:258,660484
DA:261,660484
DA:262,660484
DA:265,660484
DA:268,1320968
DA:271,660484
DA:273,669696
DA:275,334848
DA:276,334848
DA:279,660484
DA:282,660484
DA:284,660484
DA:285,1320968
LF:136
LH:118
end_of_record
TN:
SF:/home/runner/work/beaver/beaver/src/materials/BVMultiPhaseFlowMaterial.C
FN:19,_ZN24BVMultiPhaseFlowMaterial11validParamsEv
FN:26,_ZN24BVMultiPhaseFlowMaterialC2ERK15InputParameters
FN:42,_ZN24BVMultiPhaseFlowMaterial19computeQpPropertiesEv
FNDA:128,_ZN24BVMultiPhaseFlowMaterial11validParamsEv
FNDA:0,_ZN24BVMultiPhaseFlowMaterialC2ERK15InputParameters
FNDA:0,_ZN24BVMultiPhaseFlowMaterial19computeQpPropertiesEv
FNF:3
FNH:1
DA:19,128
DA:21,128
DA:22,128
DA:23,128
DA:24,0
DA:26,0
DA:28,0
DA:29,0
DA:30,0
DA:31,0
DA:32,0
DA:33,0
DA:34,0
DA:35,0
DA:36,0
DA:37,0
DA:39,0
DA:42,0
DA:45,0
DA:46,0
DA:47,0
DA:50,0
DA:51,0
DA:54,0
DA:55,0
LF:25
LH:4
end_of_record
TN:
SF:/home/runner/work/beaver/beaver/src/materials/BVPermeabilityBase.C
FN:17,_ZN18BVPermeabilityBase11validParamsEv
FN:25,_ZN18BVPermeabilityBaseC2ERK15InputParameters
FNDA:168,_ZN18BVPermeabilityBase11validParamsEv
FNDA:30,_ZN18BVPermeabilityBaseC2ERK15InputParameters
FNF:2
FNH:2
DA:17,168
DA:19,168
DA:20,168
DA:22,168
DA:23,0
DA:25,30
DA:26,30
DA:28,30
LF:8
LH:7
end_of_record
TN:
SF:/home/runner/work/beaver/beaver/src/materials/BVPoroMechanicsMaterial.C
FN:19,_ZN23BVPoroMechanicsMaterial11validParamsEv
FN:32,_ZN23BVPoroMechanicsMaterialC2ERK15InputParameters
FN:50,_ZN23BVPoroMechanicsMaterial19computeQpPropertiesEv
FNDA:284156,_ZN23BVPoroMechanicsMaterial19computeQpPropertiesEv
FNDA:136,_ZN23BVPoroMechanicsMaterial11validParamsEv
FNDA:6,_ZN23BVPoroMechanicsMaterialC2ERK15InputParameters
FNF:3
FNH:3
DA:19,136
DA:21,136
DA:22,136
DA:25,408
DA:26,272
DA:29,136
DA:30,0
DA:32,6
DA:35,6
DA:37,12
DA:39,12
DA:41,12
DA:43,6
DA:44,6
DA:45,12
DA:47,6
DA:50,284156
DA:53,284156
DA:56,284156
DA:59,568312
DA:62,568312
DA:63,284156
LF:22
LH:21
end_of_record
TN:
SF:/home/runner/work/beaver/beaver/src/materials/BVPorosityBase.C
FN:17,_ZN14BVPorosityBase11validParamsEv
FN:25,_ZN14BVPorosityBaseC2ERK15InputParameters
FNDA:12,_ZN14BVPorosityBaseC2ERK15InputParameters
FNDA:144,_ZN14BVPorosityBase11validParamsEv
FNF:2
FNH:2
DA:17,144
DA:19,144
DA:20,144
DA:22,144
DA:23,0
DA:25,12
DA:26,12
DA:28,12
LF:8
LH:7
end_of_record
TN:
SF:/home/runner/work/beaver/beaver/src/materials/BVRelaticePermeabilityBase.C
FN:17,_ZN26BVRelativePermeabilityBase11validParamsEv
FN:25,_ZN26BVRelativePermeabilityBaseC2ERK15InputParameters
FNDA:128,_ZN26BVRelativePermeabilityBase11validParamsEv
FNDA:0,_ZN26BVRelativePermeabilityBaseC2ERK15InputParameters
FNF:2
FNH:1
DA:17,128
DA:19,128
DA:20,128
DA:21,256
DA:22,128
DA:23,0
DA:25,0
DA:27,0
DA:28,0
DA:29,0
DA:33,0
LF:11
LH:5
end_of_record
TN:
SF:/home/runner/work/beaver/beaver/src/materials/BVRelativePermeabilityPowerLaw.C
FN:19,_ZN30BVRelativePermeabilityPowerLaw11validParamsEv
FN:27,_ZN30BVRelativePermeabilityPowerLawC2ERK15InputParameters
FN:34,_ZN30BVRelativePermeabilityPowerLaw19computeQpPropertiesEv
FNDA:0,_ZN30BVRelativePermeabilityPowerLawC2ERK15InputParameters
FNDA:128,_ZN30BVRelativePermeabilityPowerLaw11validParamsEv
FNDA:0,_ZN30BVRelativePermeabilityPowerLaw19computeQpPropertiesEv
FNF:3
FNH:1
DA:19,128
DA:21,128
DA:22,128
DA:23,256
DA:24,128
DA:25,0
DA:27,0
DA:29,0
DA:31,0
DA:34,0
DA:37,0
DA:40,0
DA:42,0
LF:13
LH:5
end_of_record
TN:
SF:/home/runner/work/beaver/beaver/src/materials/BVSinglePhaseFlowMaterial.C
FN:19,_ZN25BVSinglePhaseFlowMaterial11validParamsEv
FN:27,_ZN25BVSinglePhaseFlowMaterialC2ERK15InputParameters
FN:36,_ZN25BVSinglePhaseFlowMaterial19computeQpPropertiesEv
FNDA:558536,_ZN25BVSinglePhaseFlowMaterial19computeQpPropertiesEv
FNDA:160,_ZN25BVSinglePhaseFlowMaterial11validParamsEv
FNDA:24,_ZN25BVSinglePhaseFlowMaterialC2ERK15InputParameters
FNF:3
FNH:3
DA:19,160
DA:21,160
DA:22,160
DA:24,160
DA:25,0
DA:27,24
DA:29,24
DA:30,48
DA:31,48
DA:33,24
DA:36,558536
DA:39,1117072
DA:40,558536
LF:13
LH:12
end_of_record
TN:
SF:/home/runner/work/beaver/beaver/src/materials/BVSinglePhaseFlowSoluteMaterial.C
FN:19,_ZN31BVSinglePhaseFlowSoluteMaterial11validParamsEv
FN:27,_ZN31BVSinglePhaseFlowSoluteMaterialC2ERK15InputParameters
FN:36,_ZN31BVSinglePhaseFlowSoluteMaterial19computeQpPropertiesEv
FNDA:0,_ZN31BVSinglePhaseFlowSoluteMaterialC2ERK15InputParameters
FNDA:0,_ZN31BVSinglePhaseFlowSoluteMaterial19computeQpPropertiesEv
FNDA:128,_ZN31BVSinglePhaseFlowSoluteMaterial11validParamsEv
FNF:3
FNH:1
DA:19,128
DA:21,128
DA:22,128
DA:24,128
DA:25,0
DA:27,0
DA:29,0
DA:30,0
DA:31,0
DA:33,0
DA:36,0
DA:39,0
DA:40,0
LF:13
LH:4
end_of_record
TN:
SF:/usr/share/miniconda3/envs/moose/lib/gcc/x86_64-conda-linux-gnu/12.3.0/include/c++/array
FNF:0
FNH:0
DA:61,0
DA:284,209857008
DA:289,348501712
LF:3
LH:2
end_of_record
TN:
SF:/usr/share/miniconda3/envs/moose/lib/gcc/x86_64-conda-linux-gnu/12.3.0/include/c++/bits/alloc_traits.h
FNF:0
FNH:0
DA:464,11821
DA:496,11606
DA:520,40
DA:635,0
LF:4
LH:3
end_of_record
TN:
SF:/usr/share/miniconda3/envs/moose/lib/gcc/x86_64-conda-linux-gnu/12.3.0/include/c++/bits/allocated_ptr.h
FN:71,_ZNSt15__allocated_ptrISaISt23_Sp_counted_ptr_inplaceI13RegistryEntryI12BVPressureBCESaIvELN9__gnu_cxx12_Lock_policyE2EEEED2Ev
FN:71,_ZNSt15__allocated_ptrISaISt23_Sp_counted_ptr_inplaceI13RegistryEntryI35BVFVSinglePhaseSoluteTimeDerivativeESaIvELN9__gnu_cxx12_Lock_policyE2EEEED2Ev
FN:71,_ZNSt15__allocated_ptrISaISt23_Sp_counted_ptr_inplaceI13RegistryEntryI26BVKelvinViscoelasticUpdateESaIvELN9__gnu_cxx12_Lock_policyE2EEEED2Ev
FN:71,_ZNSt15__allocated_ptrISaISt23_Sp_counted_ptr_inplaceI13RegistryEntryI18BVDarcyVelocityAuxESaIvELN9__gnu_cxx12_Lock_policyE2EEEED2Ev
FN:71,_ZNSt15__allocated_ptrISaISt23_Sp_counted_ptr_inplaceI13RegistryEntryI18BVStressDivergenceESaIvELN9__gnu_cxx12_Lock_policyE2EEEED2Ev
FN:71,_ZNSt15__allocated_ptrISaISt23_Sp_counted_ptr_inplaceI13RegistryEntryI17BVShearTractionBCESaIvELN9__gnu_cxx12_Lock_policyE2EEEED2Ev
FN:71,_ZNSt15__allocated_ptrISaISt23_Sp_counted_ptr_inplaceI21BVShearTractionActionSaIvELN9__gnu_cxx12_Lock_policyE2EEEED2Ev
FN:71,_ZNSt15__allocated_ptrISaISt23_Sp_counted_ptr_inplaceISt5mutexSaIvELN9__gnu_cxx12_Lock_policyE2EEEED2Ev
FN:71,_ZNSt15__allocated_ptrISaISt23_Sp_counted_ptr_inplaceI13RegistryEntryI14BVEqvStrainAuxESaIvELN9__gnu_cxx12_Lock_policyE2EEEED2Ev
FN:71,_ZNSt15__allocated_ptrISaISt23_Sp_counted_ptr_inplaceI13RegistryEntryI16BVMisesStressAuxESaIvELN9__gnu_cxx12_Lock_policyE2EEEED2Ev
FN:71,_ZNSt15__allocated_ptrISaISt23_Sp_counted_ptr_inplaceI13RegistryEntryI26BVFVSinglePhaseSoluteDarcyESaIvELN9__gnu_cxx12_Lock_policyE2EEEED2Ev
FN:71,_ZNSt15__allocated_ptrISaISt23_Sp_counted_ptr_inplaceI13RegistryEntryI23BVPoroMechanicsMaterialESaIvELN9__gnu_cxx12_Lock_policyE2EEEED2Ev
FN:71,_ZNSt15__allocated_ptrISaISt23_Sp_counted_ptr_inplaceI13RegistryEntryI20BVMechanicalMaterialESaIvELN9__gnu_cxx12_Lock_policyE2EEEED2Ev
FN:71,_ZNSt15__allocated_ptrISaISt23_Sp_counted_ptr_inplaceI13RegistryEntryI18BVSinglePhaseDarcyESaIvELN9__gnu_cxx12_Lock_policyE2EEEED2Ev
FN:71,_ZNSt15__allocated_ptrISaISt23_Sp_counted_ptr_inplaceI13RegistryEntryI18BVEqvStrainRateAuxESaIvELN9__gnu_cxx12_Lock_policyE2EEEED2Ev
FN:71,_ZNSt15__allocated_ptrISaISt23_Sp_counted_ptr_inplaceI13RegistryEntryI27BVSinglePhaseTimeDerivativeESaIvELN9__gnu_cxx12_Lock_policyE2EEEED2Ev
FN:71,_ZNSt15__allocated_ptrISaISt23_Sp_counted_ptr_inplaceINSt13__future_base13_State_baseV2ESaIvELN9__gnu_cxx12_Lock_policyE2EEEED2Ev
FN:71,_ZNSt15__allocated_ptrISaISt23_Sp_counted_ptr_inplaceI13RegistryEntryI20BVConstantDispersionESaIvELN9__gnu_cxx12_Lock_policyE2EEEED2Ev
FN:71,_ZNSt15__allocated_ptrISaISt23_Sp_counted_ptr_inplaceI9BeaverAppSaIvELN9__gnu_cxx12_Lock_policyE2EEEED2Ev
FN:71,_ZNSt15__allocated_ptrISaISt23_Sp_counted_ptr_inplaceI13RegistryEntryI25BVSinglePhaseFlowMaterialESaIvELN9__gnu_cxx12_Lock_policyE2EEEED2Ev
FN:71,_ZNSt15__allocated_ptrISaISt23_Sp_counted_ptr_inplaceI13RegistryEntryI20BVStrainComponentAuxESaIvELN9__gnu_cxx12_Lock_policyE2EEEED2Ev
FN:71,_ZNSt15__allocated_ptrISaISt23_Sp_counted_ptr_inplaceI13RegistryEntryI27BVFVMultiPhasePressureDarcyESaIvELN9__gnu_cxx12_Lock_policyE2EEEED2Ev
FN:71,_ZNSt15__allocated_ptrISaISt23_Sp_counted_ptr_inplaceI13RegistryEntryI16BVPressureActionESaIvELN9__gnu_cxx12_Lock_policyE2EEEED2Ev
FN:71,_ZNSt15__allocated_ptrISaISt23_Sp_counted_ptr_inplaceI13RegistryEntryI29BVFVSinglePhaseTimeDerivativeESaIvELN9__gnu_cxx12_Lock_policyE2EEEED2Ev
FN:71,_ZNSt15__allocated_ptrISaISt23_Sp_counted_ptr_inplaceI13RegistryEntryI19BVBurgerModelUpdateESaIvELN9__gnu_cxx12_Lock_policyE2EEEED2Ev
FN:71,_ZNSt15__allocated_ptrISaISt23_Sp_counted_ptr_inplaceI13RegistryEntryI20BVStressComponentAuxESaIvELN9__gnu_cxx12_Lock_policyE2EEEED2Ev
FN:71,_ZNSt15__allocated_ptrISaISt23_Sp_counted_ptr_inplaceI13RegistryEntryI20BVFVSinglePhaseDarcyESaIvELN9__gnu_cxx12_Lock_policyE2EEEED2Ev
FN:71,_ZNSt15__allocated_ptrISaISt23_Sp_counted_ptr_inplaceI13RegistryEntryI22BVConstantPermeabilityESaIvELN9__gnu_cxx12_Lock_policyE2EEEED2Ev
FN:71,_ZNSt15__allocated_ptrISaISt23_Sp_counted_ptr_inplaceI13RegistryEntryI21BVShearTractionActionESaIvELN9__gnu_cxx12_Lock_policyE2EEEED2Ev
FN:71,_ZNSt15__allocated_ptrISaISt23_Sp_counted_ptr_inplaceI13RegistryEntryI31BVSinglePhaseFlowSoluteMaterialESaIvELN9__gnu_cxx12_Lock_policyE2EEEED2Ev
FN:71,_ZNSt15__allocated_ptrISaISt23_Sp_counted_ptr_inplaceI13RegistryEntryI17BVFluidPropertiesESaIvELN9__gnu_cxx12_Lock_policyE2EEEED2Ev
FN:71,_ZNSt15__allocated_ptrISaISt23_Sp_counted_ptr_inplaceI13RegistryEntryI27BVCapillaryPressurePowerLawESaIvELN9__gnu_cxx12_Lock_policyE2EEEED2Ev
FN:71,_ZNSt15__allocated_ptrISaISt23_Sp_counted_ptr_inplaceI13RegistryEntryI30BVRelativePermeabilityPowerLawESaIvELN9__gnu_cxx12_Lock_policyE2EEEED2Ev
FN:71,_ZNSt15__allocated_ptrISaISt23_Sp_counted_ptr_inplaceI13RegistryEntryI38BVFVMultiPhaseSaturationTimeDerivativeESaIvELN9__gnu_cxx12_Lock_policyE2EEEED2Ev
FN:71,_ZNSt15__allocated_ptrISaISt23_Sp_counted_ptr_inplaceI13RegistryEntryI24BVMultiPhaseFlowMaterialESaIvELN9__gnu_cxx12_Lock_policyE2EEEED2Ev
FN:71,_ZNSt15__allocated_ptrISaISt23_Sp_counted_ptr_inplaceI13RegistryEntryI29BVFVMultiPhaseSaturationDarcyESaIvELN9__gnu_cxx12_Lock_policyE2EEEED2Ev
FN:71,_ZNSt15__allocated_ptrISaISt23_Sp_counted_ptr_inplaceI13RegistryEntryI19BVLubby2ModelUpdateESaIvELN9__gnu_cxx12_Lock_policyE2EEEED2Ev
FN:71,_ZNSt15__allocated_ptrISaISt23_Sp_counted_ptr_inplaceI13RegistryEntryI36BVFVMultiPhasePressureTimeDerivativeESaIvELN9__gnu_cxx12_Lock_policyE2EEEED2Ev
FN:71,_ZNSt15__allocated_ptrISaISt23_Sp_counted_ptr_inplaceI13RegistryEntryI27BVMaxwellViscoelasticUpdateESaIvELN9__gnu_cxx12_Lock_policyE2EEEED2Ev
FN:71,_ZNSt15__allocated_ptrISaISt23_Sp_counted_ptr_inplaceI16BVPressureActionSaIvELN9__gnu_cxx12_Lock_policyE2EEEED2Ev
FN:71,_ZNSt15__allocated_ptrISaISt23_Sp_counted_ptr_inplaceI13RegistryEntryI18BVConstantPorosityESaIvELN9__gnu_cxx12_Lock_policyE2EEEED2Ev
FN:71,_ZNSt15__allocated_ptrISaISt23_Sp_counted_ptr_inplaceI13RegistryEntryI13BVPressureAuxESaIvELN9__gnu_cxx12_Lock_policyE2EEEED2Ev
FNDA:20,_ZNSt15__allocated_ptrISaISt23_Sp_counted_ptr_inplaceI13RegistryEntryI23BVPoroMechanicsMaterialESaIvELN9__gnu_cxx12_Lock_policyE2EEEED2Ev
FNDA:20,_ZNSt15__allocated_ptrISaISt23_Sp_counted_ptr_inplaceI13RegistryEntryI26BVFVSinglePhaseSoluteDarcyESaIvELN9__gnu_cxx12_Lock_policyE2EEEED2Ev
FNDA:20,_ZNSt15__allocated_ptrISaISt23_Sp_counted_ptr_inplaceI13RegistryEntryI16BVMisesStressAuxESaIvELN9__gnu_cxx12_Lock_policyE2EEEED2Ev
FNDA:20,_ZNSt15__allocated_ptrISaISt23_Sp_counted_ptr_inplaceI13RegistryEntryI14BVEqvStrainAuxESaIvELN9__gnu_cxx12_Lock_policyE2EEEED2Ev
FNDA:0,_ZNSt15__allocated_ptrISaISt23_Sp_counted_ptr_inplaceISt5mutexSaIvELN9__gnu_cxx12_Lock_policyE2EEEED2Ev
FNDA:0,_ZNSt15__allocated_ptrISaISt23_Sp_counted_ptr_inplaceI21BVShearTractionActionSaIvELN9__gnu_cxx12_Lock_policyE2EEEED2Ev
FNDA:20,_ZNSt15__allocated_ptrISaISt23_Sp_counted_ptr_inplaceI13RegistryEntryI17BVShearTractionBCESaIvELN9__gnu_cxx12_Lock_policyE2EEEED2Ev
FNDA:20,_ZNSt15__allocated_ptrISaISt23_Sp_counted_ptr_inplaceI13RegistryEntryI18BVStressDivergenceESaIvELN9__gnu_cxx12_Lock_policyE2EEEED2Ev
FNDA:20,_ZNSt15__allocated_ptrISaISt23_Sp_counted_ptr_inplaceI13RegistryEntryI26BVKelvinViscoelasticUpdateESaIvELN9__gnu_cxx12_Lock_policyE2EEEED2Ev
FNDA:20,_ZNSt15__allocated_ptrISaISt23_Sp_counted_ptr_inplaceI13RegistryEntryI18BVDarcyVelocityAuxESaIvELN9__gnu_cxx12_Lock_policyE2EEEED2Ev
FNDA:20,_ZNSt15__allocated_ptrISaISt23_Sp_counted_ptr_inplaceI13RegistryEntryI12BVPressureBCESaIvELN9__gnu_cxx12_Lock_policyE2EEEED2Ev
FNDA:20,_ZNSt15__allocated_ptrISaISt23_Sp_counted_ptr_inplaceI13RegistryEntryI35BVFVSinglePhaseSoluteTimeDerivativeESaIvELN9__gnu_cxx12_Lock_policyE2EEEED2Ev
FNDA:20,_ZNSt15__allocated_ptrISaISt23_Sp_counted_ptr_inplaceI13RegistryEntryI27BVFVMultiPhasePressureDarcyESaIvELN9__gnu_cxx12_Lock_policyE2EEEED2Ev
FNDA:20,_ZNSt15__allocated_ptrISaISt23_Sp_counted_ptr_inplaceI13RegistryEntryI20BVStrainComponentAuxESaIvELN9__gnu_cxx12_Lock_policyE2EEEED2Ev
FNDA:20,_ZNSt15__allocated_ptrISaISt23_Sp_counted_ptr_inplaceI13RegistryEntryI25BVSinglePhaseFlowMaterialESaIvELN9__gnu_cxx12_Lock_policyE2EEEED2Ev
FNDA:0,_ZNSt15__allocated_ptrISaISt23_Sp_counted_ptr_inplaceI9BeaverAppSaIvELN9__gnu_cxx12_Lock_policyE2EEEED2Ev
FNDA:20,_ZNSt15__allocated_ptrISaISt23_Sp_counted_ptr_inplaceI13RegistryEntryI18BVEqvStrainRateAuxESaIvELN9__gnu_cxx12_Lock_policyE2EEEED2Ev
FNDA:20,_ZNSt15__allocated_ptrISaISt23_Sp_counted_ptr_inplaceI13RegistryEntryI27BVSinglePhaseTimeDerivativeESaIvELN9__gnu_cxx12_Lock_policyE2EEEED2Ev
FNDA:0,_ZNSt15__allocated_ptrISaISt23_Sp_counted_ptr_inplaceINSt13__future_base13_State_baseV2ESaIvELN9__gnu_cxx12_Lock_policyE2EEEED2Ev
FNDA:20,_ZNSt15__allocated_ptrISaISt23_Sp_counted_ptr_inplaceI13RegistryEntryI20BVConstantDispersionESaIvELN9__gnu_cxx12_Lock_policyE2EEEED2Ev
FNDA:20,_ZNSt15__allocated_ptrISaISt23_Sp_counted_ptr_inplaceI13RegistryEntryI18BVSinglePhaseDarcyESaIvELN9__gnu_cxx12_Lock_policyE2EEEED2Ev
FNDA:20,_ZNSt15__allocated_ptrISaISt23_Sp_counted_ptr_inplaceI13RegistryEntryI20BVMechanicalMaterialESaIvELN9__gnu_cxx12_Lock_policyE2EEEED2Ev
FNDA:20,_ZNSt15__allocated_ptrISaISt23_Sp_counted_ptr_inplaceI13RegistryEntryI27BVCapillaryPressurePowerLawESaIvELN9__gnu_cxx12_Lock_policyE2EEEED2Ev
FNDA:20,_ZNSt15__allocated_ptrISaISt23_Sp_counted_ptr_inplaceI13RegistryEntryI17BVFluidPropertiesESaIvELN9__gnu_cxx12_Lock_policyE2EEEED2Ev
FNDA:20,_ZNSt15__allocated_ptrISaISt23_Sp_counted_ptr_inplaceI13RegistryEntryI31BVSinglePhaseFlowSoluteMaterialESaIvELN9__gnu_cxx12_Lock_policyE2EEEED2Ev
FNDA:20,_ZNSt15__allocated_ptrISaISt23_Sp_counted_ptr_inplaceI13RegistryEntryI21BVShearTractionActionESaIvELN9__gnu_cxx12_Lock_policyE2EEEED2Ev
FNDA:20,_ZNSt15__allocated_ptrISaISt23_Sp_counted_ptr_inplaceI13RegistryEntryI22BVConstantPermeabilityESaIvELN9__gnu_cxx12_Lock_policyE2EEEED2Ev
FNDA:20,_ZNSt15__allocated_ptrISaISt23_Sp_counted_ptr_inplaceI13RegistryEntryI20BVStressComponentAuxESaIvELN9__gnu_cxx12_Lock_policyE2EEEED2Ev
FNDA:20,_ZNSt15__allocated_ptrISaISt23_Sp_counted_ptr_inplaceI13RegistryEntryI20BVFVSinglePhaseDarcyESaIvELN9__gnu_cxx12_Lock_policyE2EEEED2Ev
FNDA:20,_ZNSt15__allocated_ptrISaISt23_Sp_counted_ptr_inplaceI13RegistryEntryI19BVBurgerModelUpdateESaIvELN9__gnu_cxx12_Lock_policyE2EEEED2Ev
FNDA:20,_ZNSt15__allocated_ptrISaISt23_Sp_counted_ptr_inplaceI13RegistryEntryI29BVFVSinglePhaseTimeDerivativeESaIvELN9__gnu_cxx12_Lock_policyE2EEEED2Ev
FNDA:20,_ZNSt15__allocated_ptrISaISt23_Sp_counted_ptr_inplaceI13RegistryEntryI16BVPressureActionESaIvELN9__gnu_cxx12_Lock_policyE2EEEED2Ev
FNDA:20,_ZNSt15__allocated_ptrISaISt23_Sp_counted_ptr_inplaceI13RegistryEntryI13BVPressureAuxESaIvELN9__gnu_cxx12_Lock_policyE2EEEED2Ev
FNDA:20,_ZNSt15__allocated_ptrISaISt23_Sp_counted_ptr_inplaceI13RegistryEntryI18BVConstantPorosityESaIvELN9__gnu_cxx12_Lock_policyE2EEEED2Ev
FNDA:14,_ZNSt15__allocated_ptrISaISt23_Sp_counted_ptr_inplaceI16BVPressureActionSaIvELN9__gnu_cxx12_Lock_policyE2EEEED2Ev
FNDA:20,_ZNSt15__allocated_ptrISaISt23_Sp_counted_ptr_inplaceI13RegistryEntryI27BVMaxwellViscoelasticUpdateESaIvELN9__gnu_cxx12_Lock_policyE2EEEED2Ev
FNDA:20,_ZNSt15__allocated_ptrISaISt23_Sp_counted_ptr_inplaceI13RegistryEntryI19BVLubby2ModelUpdateESaIvELN9__gnu_cxx12_Lock_policyE2EEEED2Ev
FNDA:20,_ZNSt15__allocated_ptrISaISt23_Sp_counted_ptr_inplaceI13RegistryEntryI36BVFVMultiPhasePressureTimeDerivativeESaIvELN9__gnu_cxx12_Lock_policyE2EEEED2Ev
FNDA:20,_ZNSt15__allocated_ptrISaISt23_Sp_counted_ptr_inplaceI13RegistryEntryI24BVMultiPhaseFlowMaterialESaIvELN9__gnu_cxx12_Lock_policyE2EEEED2Ev
FNDA:20,_ZNSt15__allocated_ptrISaISt23_Sp_counted_ptr_inplaceI13RegistryEntryI29BVFVMultiPhaseSaturationDarcyESaIvELN9__gnu_cxx12_Lock_policyE2EEEED2Ev
FNDA:20,_ZNSt15__allocated_ptrISaISt23_Sp_counted_ptr_inplaceI13RegistryEntryI38BVFVMultiPhaseSaturationTimeDerivativeESaIvELN9__gnu_cxx12_Lock_policyE2EEEED2Ev
FNDA:20,_ZNSt15__allocated_ptrISaISt23_Sp_counted_ptr_inplaceI13RegistryEntryI30BVRelativePermeabilityPowerLawESaIvELN9__gnu_cxx12_Lock_policyE2EEEED2Ev
FNF:42
FNH:38
DA:53,7
DA:54,754
DA:71,754
DA:73,754
DA:75,754
DA:81,747
LF:6
LH:6
end_of_record
TN:
SF:/usr/share/miniconda3/envs/moose/lib/gcc/x86_64-conda-linux-gnu/12.3.0/include/c++/bits/basic_ios.h
FNF:0
FNH:0
DA:138,0
LF:1
LH:0
end_of_record
TN:
SF:/usr/share/miniconda3/envs/moose/lib/gcc/x86_64-conda-linux-gnu/12.3.0/include/c++/bits/basic_string.h
FN:642,_ZNSt7__cxx1112basic_stringIcSt11char_traitsIcESaIcEEC2IS3_EEPKcRKS3_
FN:1689,_ZNSt7__cxx1112basic_stringIcSt11char_traitsIcESaIcEE6assignIPcvEERS4_T_S8_
FN:3440,_ZStplIcSt11char_traitsIcESaIcEENSt7__cxx1112basic_stringIT_T0_T1_EERKS8_SA_
FN:3480,_ZStplIcSt11char_traitsIcESaIcEENSt7__cxx1112basic_stringIT_T0_T1_EERKS8_PKS5_
FN:3510,_ZStplIcSt11char_traitsIcESaIcEENSt7__cxx1112basic_stringIT_T0_T1_EEOS8_RKS8_
FN:3524,_ZStplIcSt11char_traitsIcESaIcEENSt7__cxx1112basic_stringIT_T0_T1_EEOS8_S9_
FN:4034,_ZNSt7__cxx119to_stringEj
FNDA:20,_ZStplIcSt11char_traitsIcESaIcEENSt7__cxx1112basic_stringIT_T0_T1_EEOS8_S9_
FNDA:0,_ZNSt7__cxx1112basic_stringIcSt11char_traitsIcESaIcEE6assignIPcvEERS4_T_S8_
FNDA:50,_ZStplIcSt11char_traitsIcESaIcEENSt7__cxx1112basic_stringIT_T0_T1_EERKS8_PKS5_
FNDA:0,_ZStplIcSt11char_traitsIcESaIcEENSt7__cxx1112basic_stringIT_T0_T1_EERKS8_SA_
FNDA:20,_ZStplIcSt11char_traitsIcESaIcEENSt7__cxx1112basic_stringIT_T0_T1_EEOS8_RKS8_
FNDA:45434,_ZNSt7__cxx1112basic_stringIcSt11char_traitsIcESaIcEEC2IS3_EEPKcRKS3_
FNDA:20,_ZNSt7__cxx119to_stringEj
FNF:7
FNH:5
DA:187,0
DA:188,0
DA:199,45434
DA:200,45454
DA:203,740
DA:204,740
DA:224,27429
DA:229,52206
DA:234,7937
DA:241,460
DA:252,20
DA:261,27429
DA:268,51466
DA:275,0
DA:277,0
DA:278,0
DA:479,6032
DA:485,45434
DA:523,740
DA:642,45434
DA:646,45434
DA:647,0
DA:649,45434
DA:650,45434
DA:651,45434
DA:667,20
DA:803,32084
DA:813,1440
DA:974,0
DA:1072,1734
DA:1142,20
DA:1232,0
DA:1348,0
DA:1396,20
DA:1579,2171
DA:1689,0
DA:1690,0
DA:1866,0
DA:3440,0
DA:3443,0
DA:3445,0
DA:3480,50
DA:3483,50
DA:3484,50
DA:3485,50
DA:3510,20
DA:3512,20
DA:3524,20
DA:3537,20
DA:3538,20
DA:3539,0
DA:3541,20
DA:3563,20
DA:3702,9005537
DA:3896,0
DA:4034,20
DA:4039,20
DA:4040,20
DA:4041,20
LF:59
LH:42
end_of_record
TN:
SF:/usr/share/miniconda3/envs/moose/lib/gcc/x86_64-conda-linux-gnu/12.3.0/include/c++/bits/basic_string.tcc
FN:217,_ZNSt7__cxx1112basic_stringIcSt11char_traitsIcESaIcEE12_M_constructIPKcEEvT_S8_St20forward_iterator_tag
FN:217,_ZNSt7__cxx1112basic_stringIcSt11char_traitsIcESaIcEE12_M_constructIPcEEvT_S7_St20forward_iterator_tag
FN:606,_ZStplIcSt11char_traitsIcESaIcEENSt7__cxx1112basic_stringIT_T0_T1_EEPKS5_RKS8_
FNDA:0,_ZStplIcSt11char_traitsIcESaIcEENSt7__cxx1112basic_stringIT_T0_T1_EEPKS5_RKS8_
FNDA:45434,_ZNSt7__cxx1112basic_stringIcSt11char_traitsIcESaIcEE12_M_constructIPKcEEvT_S8_St20forward_iterator_tag
FNDA:6032,_ZNSt7__cxx1112basic_stringIcSt11char_traitsIcESaIcEE12_M_constructIPcEEvT_S7_St20forward_iterator_tag
FNF:3
FNH:2
DA:217,51466
DA:221,51466
DA:223,51466
DA:225,27429
DA:226,27429
DA:247,51466
DA:248,51466
DA:606,0
DA:618,0
DA:619,0
DA:621,0
LF:11
LH:7
end_of_record
TN:
SF:/usr/share/miniconda3/envs/moose/lib/gcc/x86_64-conda-linux-gnu/12.3.0/include/c++/bits/char_traits.h
FNF:0
FNH:0
DA:358,500
DA:376,55
DA:389,55
DA:399,45434
LF:4
LH:4
end_of_record
TN:
SF:/usr/share/miniconda3/envs/moose/lib/gcc/x86_64-conda-linux-gnu/12.3.0/include/c++/bits/charconv.h
FN:47,_ZNSt8__detail14__to_chars_lenIjEEjT_i
FN:72,_ZNSt8__detail18__to_chars_10_implIjEEvPcjT_
FNDA:20,_ZNSt8__detail14__to_chars_lenIjEEjT_i
FNDA:0,_ZNSt8__detail18__to_chars_10_implIjEEvPcjT_
FNF:2
FNH:1
DA:47,20
DA:53,20
DA:54,20
DA:55,20
DA:58,20
DA:59,0
DA:60,0
DA:61,0
DA:62,0
DA:63,0
DA:72,0
DA:83,0
DA:84,0
DA:86,0
DA:87,0
DA:88,0
DA:89,0
DA:90,0
DA:92,0
DA:94,0
DA:95,0
DA:96,0
DA:99,0
DA:100,0
LF:24
LH:5
end_of_record
TN:
SF:/usr/share/miniconda3/envs/moose/lib/gcc/x86_64-conda-linux-gnu/12.3.0/include/c++/bits/exception.h
FNF:0
FNH:0
DA:64,0
LF:1
LH:0
end_of_record
TN:
SF:/usr/share/miniconda3/envs/moose/lib/gcc/x86_64-conda-linux-gnu/12.3.0/include/c++/bits/functional_hash.h
FNF:0
FNH:0
DA:166,0
LF:1
LH:0
end_of_record
TN:
SF:/usr/share/miniconda3/envs/moose/lib/gcc/x86_64-conda-linux-gnu/12.3.0/include/c++/bits/hashtable.h
FN:312,_ZNSt10_HashtableImSt4pairIKmSt6vectorIS2_IS0_IbdESaIS3_EESaIS5_EEESaIS8_ENSt8__detail10_Select1stESt8equal_toImESt4hashImENSA_18_Mod_range_hashingENSA_20_Default_ranged_hashENSA_20_Prime_rehash_policyENSA_17_Hashtable_traitsILb0ELb0ELb1EEEE12_Scoped_nodeD2Ev
FN:312,_ZNSt10_HashtableImSt4pairIKmSt6vectorIS0_IbdESaIS3_EEESaIS6_ENSt8__detail10_Select1stESt8equal_toImESt4hashImENS8_18_Mod_range_hashingENS8_20_Default_ranged_hashENS8_20_Prime_rehash_policyENS8_17_Hashtable_traitsILb0ELb0ELb1EEEE12_Scoped_nodeD2Ev
FN:312,_ZNSt10_HashtableImSt4pairIKmSt6vectorIS2_IS0_IbN11MetaPhysicL10DualNumberIdNS3_28SemiDynamicSparseNumberArrayIdmNS3_8NWrapperILm64EEEEELb1EEEESaISA_EESaISC_EEESaISF_ENSt8__detail10_Select1stESt8equal_toImESt4hashImENSH_18_Mod_range_hashingENSH_20_Default_ranged_hashENSH_20_Prime_rehash_policyENSH_17_Hashtable_traitsILb0ELb0ELb1EEEE12_Scoped_nodeD2Ev
FN:312,_ZNSt10_HashtableImSt4pairIKmSt6vectorIS0_IbN11MetaPhysicL10DualNumberIdNS3_28SemiDynamicSparseNumberArrayIdmNS3_8NWrapperILm64EEEEELb1EEEESaISA_EEESaISD_ENSt8__detail10_Select1stESt8equal_toImESt4hashImENSF_18_Mod_range_hashingENSF_20_Default_ranged_hashENSF_20_Prime_rehash_policyENSF_17_Hashtable_traitsILb0ELb0ELb1EEEE12_Scoped_nodeD2Ev
FN:312,_ZNSt10_HashtableIjjSaIjENSt8__detail9_IdentityESt8equal_toIjESt4hashIjENS1_18_Mod_range_hashingENS1_20_Default_ranged_hashENS1_20_Prime_rehash_policyENS1_17_Hashtable_traitsILb0ELb1ELb1EEEE12_Scoped_nodeD2Ev
FN:456,_ZNSt10_HashtableINSt7__cxx1112basic_stringIcSt11char_traitsIcESaIcEEESt4pairIKS5_St10unique_ptrI10MooseArrayIN7libMesh11VectorValueIN11MetaPhysicL10DualNumberIdNSC_28SemiDynamicSparseNumberArrayIdmNSC_8NWrapperILm64EEEEELb1EEEEEESt14default_deleteISK_EEESaISO_ENSt8__detail10_Select1stESt8equal_toIS5_ESt4hashIS5_ENSQ_18_Mod_range_hashingENSQ_20_Default_ranged_hashENSQ_20_Prime_rehash_policyENSQ_17_Hashtable_traitsILb1ELb0ELb1EEEE21_M_deallocate_bucketsEv
FN:456,_ZNSt10_HashtableIjSt4pairIKjjESaIS2_ENSt8__detail10_Select1stESt8equal_toIjESt4hashIjENS4_18_Mod_range_hashingENS4_20_Default_ranged_hashENS4_20_Prime_rehash_policyENS4_17_Hashtable_traitsILb0ELb0ELb1EEEE21_M_deallocate_bucketsEv
FN:456,_ZNSt10_HashtableImSt4pairIKmSt6vectorIS2_IS0_IbdESaIS3_EESaIS5_EEESaIS8_ENSt8__detail10_Select1stESt8equal_toImESt4hashImENSA_18_Mod_range_hashingENSA_20_Default_ranged_hashENSA_20_Prime_rehash_policyENSA_17_Hashtable_traitsILb0ELb0ELb1EEEE21_M_deallocate_bucketsEv
FN:456,_ZNSt10_HashtableImSt4pairIKmSt6vectorIS0_IbdESaIS3_EEESaIS6_ENSt8__detail10_Select1stESt8equal_toImESt4hashImENS8_18_Mod_range_hashingENS8_20_Default_ranged_hashENS8_20_Prime_rehash_policyENS8_17_Hashtable_traitsILb0ELb0ELb1EEEE21_M_deallocate_bucketsEv
FN:456,_ZNSt10_HashtableINSt7__cxx1112basic_stringIcSt11char_traitsIcESaIcEEESt4pairIKS5_St10unique_ptrI10MooseArrayIN11MetaPhysicL10DualNumberIdNSA_28SemiDynamicSparseNumberArrayIdmNSA_8NWrapperILm64EEEEELb1EEEESt14default_deleteISH_EEESaISL_ENSt8__detail10_Select1stESt8equal_toIS5_ESt4hashIS5_ENSN_18_Mod_range_hashingENSN_20_Default_ranged_hashENSN_20_Prime_rehash_policyENSN_17_Hashtable_traitsILb1ELb0ELb1EEEE21_M_deallocate_bucketsEv
FN:456,_ZNSt10_HashtableImSt4pairIKmSt6vectorIS2_IS0_IbN11MetaPhysicL10DualNumberIdNS3_28SemiDynamicSparseNumberArrayIdmNS3_8NWrapperILm64EEEEELb1EEEESaISA_EESaISC_EEESaISF_ENSt8__detail10_Select1stESt8equal_toImESt4hashImENSH_18_Mod_range_hashingENSH_20_Default_ranged_hashENSH_20_Prime_rehash_policyENSH_17_Hashtable_traitsILb0ELb0ELb1EEEE21_M_deallocate_bucketsEv
FN:456,_ZNSt10_HashtableINSt7__cxx1112basic_stringIcSt11char_traitsIcESaIcEEESt4pairIKS5_St10unique_ptrI10MooseArrayIdESt14default_deleteISA_EEESaISE_ENSt8__detail10_Select1stESt8equal_toIS5_ESt4hashIS5_ENSG_18_Mod_range_hashingENSG_20_Default_ranged_hashENSG_20_Prime_rehash_policyENSG_17_Hashtable_traitsILb1ELb0ELb1EEEE21_M_deallocate_bucketsEv
FN:456,_ZNSt10_HashtableINSt7__cxx1112basic_stringIcSt11char_traitsIcESaIcEEESt4pairIKS5_St6vectorIP22MooseVariableFieldBaseSaISA_EEESaISD_ENSt8__detail10_Select1stESt8equal_toIS5_ESt4hashIS5_ENSF_18_Mod_range_hashingENSF_20_Default_ranged_hashENSF_20_Prime_rehash_policyENSF_17_Hashtable_traitsILb1ELb0ELb1EEEE21_M_deallocate_bucketsEv
FN:456,_ZNSt10_HashtableINSt7__cxx1112basic_stringIcSt11char_traitsIcESaIcEEESt4pairIKS5_S5_ESaIS8_ENSt8__detail10_Select1stESt8equal_toIS5_ESt4hashIS5_ENSA_18_Mod_range_hashingENSA_20_Default_ranged_hashENSA_20_Prime_rehash_policyENSA_17_Hashtable_traitsILb1ELb0ELb1EEEE21_M_deallocate_bucketsEv
FN:456,_ZNSt10_HashtableIssSaIsENSt8__detail9_IdentityESt8equal_toIsESt4hashIsENS1_18_Mod_range_hashingENS1_20_Default_ranged_hashENS1_20_Prime_rehash_policyENS1_17_Hashtable_traitsILb0ELb1ELb1EEEE21_M_deallocate_bucketsEv
FN:456,_ZNSt10_HashtableINSt7__cxx1112basic_stringIcSt11char_traitsIcESaIcEEESt4pairIKS5_St6vectorIjSaIjEEESaISB_ENSt8__detail10_Select1stESt8equal_toIS5_ESt4hashIS5_ENSD_18_Mod_range_hashingENSD_20_Default_ranged_hashENSD_20_Prime_rehash_policyENSD_17_Hashtable_traitsILb1ELb0ELb1EEEE21_M_deallocate_bucketsEv
FN:456,_ZNSt10_HashtableIjjSaIjENSt8__detail9_IdentityESt8equal_toIjESt4hashIjENS1_18_Mod_range_hashingENS1_20_Default_ranged_hashENS1_20_Prime_rehash_policyENS1_17_Hashtable_traitsILb0ELb1ELb1EEEE21_M_deallocate_bucketsEv
FN:456,_ZNSt10_HashtableINSt7__cxx1112basic_stringIcSt11char_traitsIcESaIcEEESt4pairIKS5_St10unique_ptrI10MooseArrayIN5Eigen6MatrixIdLin1ELi1ELi0ELin1ELi1EEEESt14default_deleteISD_EEESaISH_ENSt8__detail10_Select1stESt8equal_toIS5_ESt4hashIS5_ENSJ_18_Mod_range_hashingENSJ_20_Default_ranged_hashENSJ_20_Prime_rehash_policyENSJ_17_Hashtable_traitsILb1ELb0ELb1EEEE21_M_deallocate_bucketsEv
FN:456,_ZNSt10_HashtableImSt4pairIKmSt6vectorIS0_IbN11MetaPhysicL10DualNumberIdNS3_28SemiDynamicSparseNumberArrayIdmNS3_8NWrapperILm64EEEEELb1EEEESaISA_EEESaISD_ENSt8__detail10_Select1stESt8equal_toImESt4hashImENSF_18_Mod_range_hashingENSF_20_Default_ranged_hashENSF_20_Prime_rehash_policyENSF_17_Hashtable_traitsILb0ELb0ELb1EEEE21_M_deallocate_bucketsEv
FN:456,_ZNSt10_HashtableINSt7__cxx1112basic_stringIcSt11char_traitsIcESaIcEEESt4pairIKS5_St10unique_ptrI10MooseArrayIN7libMesh11VectorValueIdEEESt14default_deleteISD_EEESaISH_ENSt8__detail10_Select1stESt8equal_toIS5_ESt4hashIS5_ENSJ_18_Mod_range_hashingENSJ_20_Default_ranged_hashENSJ_20_Prime_rehash_policyENSJ_17_Hashtable_traitsILb1ELb0ELb1EEEE21_M_deallocate_bucketsEv
FN:456,_ZNSt10_HashtableINSt7__cxx1112basic_stringIcSt11char_traitsIcESaIcEEESt4pairIKS5_St6vectorIP19MooseVariableScalarSaISA_EEESaISD_ENSt8__detail10_Select1stESt8equal_toIS5_ESt4hashIS5_ENSF_18_Mod_range_hashingENSF_20_Default_ranged_hashENSF_20_Prime_rehash_policyENSF_17_Hashtable_traitsILb1ELb0ELb1EEEE21_M_deallocate_bucketsEv
FN:456,_ZNSt10_HashtableINSt7__cxx1112basic_stringIcSt11char_traitsIcESaIcEEESt4pairIKS5_St6vectorISt10unique_ptrI10MooseArrayIdESt14default_deleteISB_EESaISE_EEESaISH_ENSt8__detail10_Select1stESt8equal_toIS5_ESt4hashIS5_ENSJ_18_Mod_range_hashingENSJ_20_Default_ranged_hashENSJ_20_Prime_rehash_policyENSJ_17_Hashtable_traitsILb1ELb0ELb1EEEE21_M_deallocate_bucketsEv
FN:1924,_ZNKSt10_HashtableImSt4pairIKmSt6vectorIS0_IbdESaIS3_EEESaIS6_ENSt8__detail10_Select1stESt8equal_toImESt4hashImENS8_18_Mod_range_hashingENS8_20_Default_ranged_hashENS8_20_Prime_rehash_policyENS8_17_Hashtable_traitsILb0ELb0ELb1EEEE19_M_find_before_nodeEmRS1_m
FN:1924,_ZNKSt10_HashtableImSt4pairIKmSt6vectorIS2_IS0_IbN11MetaPhysicL10DualNumberIdNS3_28SemiDynamicSparseNumberArrayIdmNS3_8NWrapperILm64EEEEELb1EEEESaISA_EESaISC_EEESaISF_ENSt8__detail10_Select1stESt8equal_toImESt4hashImENSH_18_Mod_range_hashingENSH_20_Default_ranged_hashENSH_20_Prime_rehash_policyENSH_17_Hashtable_traitsILb0ELb0ELb1EEEE19_M_find_before_nodeEmRS1_m
FN:1924,_ZNKSt10_HashtableImSt4pairIKmSt6vectorIS2_IS0_IbdESaIS3_EESaIS5_EEESaIS8_ENSt8__detail10_Select1stESt8equal_toImESt4hashImENSA_18_Mod_range_hashingENSA_20_Default_ranged_hashENSA_20_Prime_rehash_policyENSA_17_Hashtable_traitsILb0ELb0ELb1EEEE19_M_find_before_nodeEmRS1_m
FN:1924,_ZNKSt10_HashtableImSt4pairIKmSt6vectorIS0_IbN11MetaPhysicL10DualNumberIdNS3_28SemiDynamicSparseNumberArrayIdmNS3_8NWrapperILm64EEEEELb1EEEESaISA_EEESaISD_ENSt8__detail10_Select1stESt8equal_toImESt4hashImENSF_18_Mod_range_hashingENSF_20_Default_ranged_hashENSF_20_Prime_rehash_policyENSF_17_Hashtable_traitsILb0ELb0ELb1EEEE19_M_find_before_nodeEmRS1_m
FN:1954,_ZNKSt10_HashtableIjjSaIjENSt8__detail9_IdentityESt8equal_toIjESt4hashIjENS1_18_Mod_range_hashingENS1_20_Default_ranged_hashENS1_20_Prime_rehash_policyENS1_17_Hashtable_traitsILb0ELb1ELb1EEEE22_M_find_before_node_trIjEEPNS1_15_Hash_node_baseEmRKT_m
FN:1983,_ZNSt10_HashtableIjjSaIjENSt8__detail9_IdentityESt8equal_toIjESt4hashIjENS1_18_Mod_range_hashingENS1_20_Default_ranged_hashENS1_20_Prime_rehash_policyENS1_17_Hashtable_traitsILb0ELb1ELb1EEEE22_M_insert_bucket_beginEmPNS1_10_Hash_nodeIjLb0EEE
FN:1983,_ZNSt10_HashtableImSt4pairIKmSt6vectorIS0_IbN11MetaPhysicL10DualNumberIdNS3_28SemiDynamicSparseNumberArrayIdmNS3_8NWrapperILm64EEEEELb1EEEESaISA_EEESaISD_ENSt8__detail10_Select1stESt8equal_toImESt4hashImENSF_18_Mod_range_hashingENSF_20_Default_ranged_hashENSF_20_Prime_rehash_policyENSF_17_Hashtable_traitsILb0ELb0ELb1EEEE22_M_insert_bucket_beginEmPNSF_10_Hash_nodeISD_Lb0EEE
FN:1983,_ZNSt10_HashtableImSt4pairIKmSt6vectorIS2_IS0_IbdESaIS3_EESaIS5_EEESaIS8_ENSt8__detail10_Select1stESt8equal_toImESt4hashImENSA_18_Mod_range_hashingENSA_20_Default_ranged_hashENSA_20_Prime_rehash_policyENSA_17_Hashtable_traitsILb0ELb0ELb1EEEE22_M_insert_bucket_beginEmPNSA_10_Hash_nodeIS8_Lb0EEE
FN:1983,_ZNSt10_HashtableImSt4pairIKmSt6vectorIS0_IbdESaIS3_EEESaIS6_ENSt8__detail10_Select1stESt8equal_toImESt4hashImENS8_18_Mod_range_hashingENS8_20_Default_ranged_hashENS8_20_Prime_rehash_policyENS8_17_Hashtable_traitsILb0ELb0ELb1EEEE22_M_insert_bucket_beginEmPNS8_10_Hash_nodeIS6_Lb0EEE
FN:1983,_ZNSt10_HashtableImSt4pairIKmSt6vectorIS2_IS0_IbN11MetaPhysicL10DualNumberIdNS3_28SemiDynamicSparseNumberArrayIdmNS3_8NWrapperILm64EEEEELb1EEEESaISA_EESaISC_EEESaISF_ENSt8__detail10_Select1stESt8equal_toImESt4hashImENSH_18_Mod_range_hashingENSH_20_Default_ranged_hashENSH_20_Prime_rehash_policyENSH_17_Hashtable_traitsILb0ELb0ELb1EEEE22_M_insert_bucket_beginEmPNSH_10_Hash_nodeISF_Lb0EEE
FN:2142,_ZNSt10_HashtableIjjSaIjENSt8__detail9_IdentityESt8equal_toIjESt4hashIjENS1_18_Mod_range_hashingENS1_20_Default_ranged_hashENS1_20_Prime_rehash_policyENS1_17_Hashtable_traitsILb0ELb1ELb1EEEE21_M_insert_unique_nodeEmmPNS1_10_Hash_nodeIjLb0EEEm
FN:2142,_ZNSt10_HashtableImSt4pairIKmSt6vectorIS2_IS0_IbdESaIS3_EESaIS5_EEESaIS8_ENSt8__detail10_Select1stESt8equal_toImESt4hashImENSA_18_Mod_range_hashingENSA_20_Default_ranged_hashENSA_20_Prime_rehash_policyENSA_17_Hashtable_traitsILb0ELb0ELb1EEEE21_M_insert_unique_nodeEmmPNSA_10_Hash_nodeIS8_Lb0EEEm
FN:2142,_ZNSt10_HashtableImSt4pairIKmSt6vectorIS2_IS0_IbN11MetaPhysicL10DualNumberIdNS3_28SemiDynamicSparseNumberArrayIdmNS3_8NWrapperILm64EEEEELb1EEEESaISA_EESaISC_EEESaISF_ENSt8__detail10_Select1stESt8equal_toImESt4hashImENSH_18_Mod_range_hashingENSH_20_Default_ranged_hashENSH_20_Prime_rehash_policyENSH_17_Hashtable_traitsILb0ELb0ELb1EEEE21_M_insert_unique_nodeEmmPNSH_10_Hash_nodeISF_Lb0EEEm
FN:2142,_ZNSt10_HashtableImSt4pairIKmSt6vectorIS0_IbN11MetaPhysicL10DualNumberIdNS3_28SemiDynamicSparseNumberArrayIdmNS3_8NWrapperILm64EEEEELb1EEEESaISA_EEESaISD_ENSt8__detail10_Select1stESt8equal_toImESt4hashImENSF_18_Mod_range_hashingENSF_20_Default_ranged_hashENSF_20_Prime_rehash_policyENSF_17_Hashtable_traitsILb0ELb0ELb1EEEE21_M_insert_unique_nodeEmmPNSF_10_Hash_nodeISD_Lb0EEEm
FN:2142,_ZNSt10_HashtableImSt4pairIKmSt6vectorIS0_IbdESaIS3_EEESaIS6_ENSt8__detail10_Select1stESt8equal_toImESt4hashImENS8_18_Mod_range_hashingENS8_20_Default_ranged_hashENS8_20_Prime_rehash_policyENS8_17_Hashtable_traitsILb0ELb0ELb1EEEE21_M_insert_unique_nodeEmmPNS8_10_Hash_nodeIS6_Lb0EEEm
FN:2229,_ZNSt10_HashtableIjjSaIjENSt8__detail9_IdentityESt8equal_toIjESt4hashIjENS1_18_Mod_range_hashingENS1_20_Default_ranged_hashENS1_20_Prime_rehash_policyENS1_17_Hashtable_traitsILb0ELb1ELb1EEEE16_M_insert_uniqueIjjNS1_10_AllocNodeISaINS1_10_Hash_nodeIjLb0EEEEEEEESt4pairINS1_14_Node_iteratorIjLb1ELb0EEEbEOT_OT0_RKT1_
FN:2496,_ZNSt10_HashtableINSt7__cxx1112basic_stringIcSt11char_traitsIcESaIcEEESt4pairIKS5_St6vectorIP22MooseVariableFieldBaseSaISA_EEESaISD_ENSt8__detail10_Select1stESt8equal_toIS5_ESt4hashIS5_ENSF_18_Mod_range_hashingENSF_20_Default_ranged_hashENSF_20_Prime_rehash_policyENSF_17_Hashtable_traitsILb1ELb0ELb1EEEE5clearEv
FN:2496,_ZNSt10_HashtableIjjSaIjENSt8__detail9_IdentityESt8equal_toIjESt4hashIjENS1_18_Mod_range_hashingENS1_20_Default_ranged_hashENS1_20_Prime_rehash_policyENS1_17_Hashtable_traitsILb0ELb1ELb1EEEE5clearEv
FN:2496,_ZNSt10_HashtableINSt7__cxx1112basic_stringIcSt11char_traitsIcESaIcEEESt4pairIKS5_St6vectorISt10unique_ptrI10MooseArrayIdESt14default_deleteISB_EESaISE_EEESaISH_ENSt8__detail10_Select1stESt8equal_toIS5_ESt4hashIS5_ENSJ_18_Mod_range_hashingENSJ_20_Default_ranged_hashENSJ_20_Prime_rehash_policyENSJ_17_Hashtable_traitsILb1ELb0ELb1EEEE5clearEv
FN:2496,_ZNSt10_HashtableINSt7__cxx1112basic_stringIcSt11char_traitsIcESaIcEEESt4pairIKS5_St6vectorIP19MooseVariableScalarSaISA_EEESaISD_ENSt8__detail10_Select1stESt8equal_toIS5_ESt4hashIS5_ENSF_18_Mod_range_hashingENSF_20_Default_ranged_hashENSF_20_Prime_rehash_policyENSF_17_Hashtable_traitsILb1ELb0ELb1EEEE5clearEv
FN:2496,_ZNSt10_HashtableImSt4pairIKmSt6vectorIS0_IbdESaIS3_EEESaIS6_ENSt8__detail10_Select1stESt8equal_toImESt4hashImENS8_18_Mod_range_hashingENS8_20_Default_ranged_hashENS8_20_Prime_rehash_policyENS8_17_Hashtable_traitsILb0ELb0ELb1EEEE5clearEv
FN:2496,_ZNSt10_HashtableINSt7__cxx1112basic_stringIcSt11char_traitsIcESaIcEEESt4pairIKS5_S5_ESaIS8_ENSt8__detail10_Select1stESt8equal_toIS5_ESt4hashIS5_ENSA_18_Mod_range_hashingENSA_20_Default_ranged_hashENSA_20_Prime_rehash_policyENSA_17_Hashtable_traitsILb1ELb0ELb1EEEE5clearEv
FN:2496,_ZNSt10_HashtableINSt7__cxx1112basic_stringIcSt11char_traitsIcESaIcEEESt4pairIKS5_St10unique_ptrI10MooseArrayIN7libMesh11VectorValueIdEEESt14default_deleteISD_EEESaISH_ENSt8__detail10_Select1stESt8equal_toIS5_ESt4hashIS5_ENSJ_18_Mod_range_hashingENSJ_20_Default_ranged_hashENSJ_20_Prime_rehash_policyENSJ_17_Hashtable_traitsILb1ELb0ELb1EEEE5clearEv
FN:2496,_ZNSt10_HashtableINSt7__cxx1112basic_stringIcSt11char_traitsIcESaIcEEESt4pairIKS5_St10unique_ptrI10MooseArrayIdESt14default_deleteISA_EEESaISE_ENSt8__detail10_Select1stESt8equal_toIS5_ESt4hashIS5_ENSG_18_Mod_range_hashingENSG_20_Default_ranged_hashENSG_20_Prime_rehash_policyENSG_17_Hashtable_traitsILb1ELb0ELb1EEEE5clearEv
FN:2496,_ZNSt10_HashtableImSt4pairIKmSt6vectorIS2_IS0_IbdESaIS3_EESaIS5_EEESaIS8_ENSt8__detail10_Select1stESt8equal_toImESt4hashImENSA_18_Mod_range_hashingENSA_20_Default_ranged_hashENSA_20_Prime_rehash_policyENSA_17_Hashtable_traitsILb0ELb0ELb1EEEE5clearEv
FN:2496,_ZNSt10_HashtableINSt7__cxx1112basic_stringIcSt11char_traitsIcESaIcEEESt4pairIKS5_St10unique_ptrI10MooseArrayIN7libMesh11VectorValueIN11MetaPhysicL10DualNumberIdNSC_28SemiDynamicSparseNumberArrayIdmNSC_8NWrapperILm64EEEEELb1EEEEEESt14default_deleteISK_EEESaISO_ENSt8__detail10_Select1stESt8equal_toIS5_ESt4hashIS5_ENSQ_18_Mod_range_hashingENSQ_20_Default_ranged_hashENSQ_20_Prime_rehash_policyENSQ_17_Hashtable_traitsILb1ELb0ELb1EEEE5clearEv
FN:2496,_ZNSt10_HashtableIjSt4pairIKjjESaIS2_ENSt8__detail10_Select1stESt8equal_toIjESt4hashIjENS4_18_Mod_range_hashingENS4_20_Default_ranged_hashENS4_20_Prime_rehash_policyENS4_17_Hashtable_traitsILb0ELb0ELb1EEEE5clearEv
FN:2496,_ZNSt10_HashtableImSt4pairIKmSt6vectorIS2_IS0_IbN11MetaPhysicL10DualNumberIdNS3_28SemiDynamicSparseNumberArrayIdmNS3_8NWrapperILm64EEEEELb1EEEESaISA_EESaISC_EEESaISF_ENSt8__detail10_Select1stESt8equal_toImESt4hashImENSH_18_Mod_range_hashingENSH_20_Default_ranged_hashENSH_20_Prime_rehash_policyENSH_17_Hashtable_traitsILb0ELb0ELb1EEEE5clearEv
FN:2496,_ZNSt10_HashtableImSt4pairIKmSt6vectorIS0_IbN11MetaPhysicL10DualNumberIdNS3_28SemiDynamicSparseNumberArrayIdmNS3_8NWrapperILm64EEEEELb1EEEESaISA_EEESaISD_ENSt8__detail10_Select1stESt8equal_toImESt4hashImENSF_18_Mod_range_hashingENSF_20_Default_ranged_hashENSF_20_Prime_rehash_policyENSF_17_Hashtable_traitsILb0ELb0ELb1EEEE5clearEv
FN:2496,_ZNSt10_HashtableINSt7__cxx1112basic_stringIcSt11char_traitsIcESaIcEEESt4pairIKS5_St6vectorIjSaIjEEESaISB_ENSt8__detail10_Select1stESt8equal_toIS5_ESt4hashIS5_ENSD_18_Mod_range_hashingENSD_20_Default_ranged_hashENSD_20_Prime_rehash_policyENSD_17_Hashtable_traitsILb1ELb0ELb1EEEE5clearEv
FN:2496,_ZNSt10_HashtableINSt7__cxx1112basic_stringIcSt11char_traitsIcESaIcEEESt4pairIKS5_St10unique_ptrI10MooseArrayIN11MetaPhysicL10DualNumberIdNSA_28SemiDynamicSparseNumberArrayIdmNSA_8NWrapperILm64EEEEELb1EEEESt14default_deleteISH_EEESaISL_ENSt8__detail10_Select1stESt8equal_toIS5_ESt4hashIS5_ENSN_18_Mod_range_hashingENSN_20_Default_ranged_hashENSN_20_Prime_rehash_policyENSN_17_Hashtable_traitsILb1ELb0ELb1EEEE5clearEv
FN:2496,_ZNSt10_HashtableINSt7__cxx1112basic_stringIcSt11char_traitsIcESaIcEEESt4pairIKS5_St10unique_ptrI10MooseArrayIN5Eigen6MatrixIdLin1ELi1ELi0ELin1ELi1EEEESt14default_deleteISD_EEESaISH_ENSt8__detail10_Select1stESt8equal_toIS5_ESt4hashIS5_ENSJ_18_Mod_range_hashingENSJ_20_Default_ranged_hashENSJ_20_Prime_rehash_policyENSJ_17_Hashtable_traitsILb1ELb0ELb1EEEE5clearEv
FN:2496,_ZNSt10_HashtableIssSaIsENSt8__detail9_IdentityESt8equal_toIsESt4hashIsENS1_18_Mod_range_hashingENS1_20_Default_ranged_hashENS1_20_Prime_rehash_policyENS1_17_Hashtable_traitsILb0ELb1ELb1EEEE5clearEv
[...]
FNDA:0,_ZN7libMesh10TypeTensorIN11MetaPhysicL10DualNumberIdNS1_28SemiDynamicSparseNumberArrayIdmNS1_8NWrapperILm64EEEEELb1EEEEC2Ev
FNDA:9240896,_ZNK7libMesh10TypeTensorIN11MetaPhysicL10DualNumberIdNS1_28SemiDynamicSparseNumberArrayIdmNS1_8NWrapperILm64EEEEELb1EEEE3rowEj
FNF:14
FNH:10
DA:510,0
DA:512,0
DA:515,0
DA:516,0
DA:517,0
DA:521,0
DA:522,0
DA:523,0
DA:524,0
DA:525,0
DA:527,0
DA:533,4985336
DA:541,49853360
DA:543,4985336
DA:557,4985336
DA:558,4985336
DA:559,4985336
DA:560,4985336
DA:561,4985336
DA:562,4985336
DA:563,4985336
DA:564,4985336
DA:573,4985336
DA:628,6760240
DA:631,6760240
DA:632,6084216
DA:633,676024
DA:689,2011144
DA:718,0
DA:738,0
DA:765,9240896
DA:767,9240896
DA:769,36963584
DA:770,27722688
DA:772,9240896
DA:794,1981452
DA:810,1981452
DA:811,1981452
DA:812,1981452
DA:813,1981452
DA:814,1981452
DA:815,1981452
DA:816,1981452
DA:817,1981452
DA:818,3962904
DA:864,660484
DA:880,660484
DA:881,660484
DA:882,660484
DA:883,660484
DA:884,660484
DA:885,660484
DA:886,660484
DA:887,660484
DA:888,1320968
DA:965,1990664
DA:984,1990664
DA:985,1990664
DA:986,1990664
DA:987,1990664
DA:988,1990664
DA:989,1990664
DA:990,1990664
DA:991,1990664
DA:992,3981328
DA:1006,1990664
DA:1015,352736
DA:1033,352736
DA:1034,352736
DA:1035,352736
DA:1036,352736
DA:1037,352736
DA:1038,352736
DA:1039,352736
DA:1040,352736
DA:1041,705472
DA:1233,0
DA:1235,0
DA:1236,0
DA:1237,0
DA:1238,0
DA:1239,0
DA:1241,0
DA:1338,350388
DA:1340,3503880
DA:1341,3153492
DA:1342,350388
LF:87
LH:67
end_of_record
TN:
SF:/usr/share/miniconda3/envs/moose/libmesh/include/libmesh/type_vector.h
FN:131,_ZN7libMesh10TypeVectorIN11MetaPhysicL10DualNumberIdNS1_28SemiDynamicSparseNumberArrayIdmNS1_8NWrapperILm64EEEEELb1EEEEC2ERKS8_
FN:427,_ZN7libMesh10TypeVectorIN11MetaPhysicL10DualNumberIdNS1_28SemiDynamicSparseNumberArrayIdmNS1_8NWrapperILm64EEEEELb1EEEEC2Ev
FN:444,_ZN7libMesh10TypeVectorIN11MetaPhysicL10DualNumberIdNS1_28SemiDynamicSparseNumberArrayIdmNS1_8NWrapperILm64EEEEELb1EEEEC2ERKS7_SA_SA_
FN:652,_ZNK7libMesh10TypeVectorIN11MetaPhysicL10DualNumberIdNS1_28SemiDynamicSparseNumberArrayIdmNS1_8NWrapperILm64EEEEELb1EEEEmiIS7_EENS0_INS_12CompareTypesIS7_T_E9supertypeEEERKNS0_ISB_EE
FN:739,_ZNK7libMesh10TypeVectorIN11MetaPhysicL10DualNumberIdNS1_28SemiDynamicSparseNumberArrayIdmNS1_8NWrapperILm64EEEEELb1EEEEmlIS7_EENS_9boostcopy11enable_if_cIXsrNS_12ScalarTraitsIT_EE5valueENS0_INS_12CompareTypesIS7_SD_E9supertypeEEEE4typeERKSD_
FN:850,_ZNK7libMesh10TypeVectorIN11MetaPhysicL10DualNumberIdNS1_28SemiDynamicSparseNumberArrayIdmNS1_8NWrapperILm64EEEEELb1EEEEmlIS7_EENS_12CompareTypesIS7_T_E9supertypeERKNS0_ISB_EE
FN:850,_ZNK7libMesh10TypeVectorIN11MetaPhysicL10DualNumberIdNS1_28SemiDynamicSparseNumberArrayIdmNS1_8NWrapperILm64EEEEELb1EEEEmlIdEENS_12CompareTypesIS7_T_E9supertypeERKNS0_ISB_EE
FNDA:9240896,_ZNK7libMesh10TypeVectorIN11MetaPhysicL10DualNumberIdNS1_28SemiDynamicSparseNumberArrayIdmNS1_8NWrapperILm64EEEEELb1EEEEmlIS7_EENS_12CompareTypesIS7_T_E9supertypeERKNS0_ISB_EE
FNDA:9240896,_ZN7libMesh10TypeVectorIN11MetaPhysicL10DualNumberIdNS1_28SemiDynamicSparseNumberArrayIdmNS1_8NWrapperILm64EEEEELb1EEEEC2Ev
FNDA:459095,_ZN7libMesh10TypeVectorIN11MetaPhysicL10DualNumberIdNS1_28SemiDynamicSparseNumberArrayIdmNS1_8NWrapperILm64EEEEELb1EEEEC2ERKS7_SA_SA_
FNDA:27135,_ZNK7libMesh10TypeVectorIN11MetaPhysicL10DualNumberIdNS1_28SemiDynamicSparseNumberArrayIdmNS1_8NWrapperILm64EEEEELb1EEEEmlIdEENS_12CompareTypesIS7_T_E9supertypeERKNS0_ISB_EE
FNDA:0,_ZNK7libMesh10TypeVectorIN11MetaPhysicL10DualNumberIdNS1_28SemiDynamicSparseNumberArrayIdmNS1_8NWrapperILm64EEEEELb1EEEEmiIS7_EENS0_INS_12CompareTypesIS7_T_E9supertypeEEERKNS0_ISB_EE
FNDA:459095,_ZNK7libMesh10TypeVectorIN11MetaPhysicL10DualNumberIdNS1_28SemiDynamicSparseNumberArrayIdmNS1_8NWrapperILm64EEEEELb1EEEEmlIS7_EENS_9boostcopy11enable_if_cIXsrNS_12ScalarTraitsIT_EE5valueENS0_INS_12CompareTypesIS7_SD_E9supertypeEEEE4typeERKSD_
FNDA:9699991,_ZN7libMesh10TypeVectorIN11MetaPhysicL10DualNumberIdNS1_28SemiDynamicSparseNumberArrayIdmNS1_8NWrapperILm64EEEEELb1EEEEC2ERKS8_
FNF:7
FNH:6
DA:131,38799964
DA:136,9240896
DA:427,36963584
DA:429,9240896
DA:432,9240896
DA:436,9240896
DA:438,9240896
DA:444,459095
DA:446,1836380
DA:448,459095
DA:451,459095
DA:458,459095
DA:463,459095
DA:546,27764278
DA:557,2110400
DA:652,0
DA:666,0
DA:667,0
DA:668,0
DA:739,459095
DA:753,459095
DA:754,459095
DA:755,918190
DA:769,459095
DA:850,9268031
DA:862,9268031
DA:863,9268031
DA:864,9295166
LF:28
LH:24
end_of_record
TN:
SF:/usr/share/miniconda3/envs/moose/libmesh/include/libmesh/vector_value.h
FNF:0
FNH:0
DA:47,9240896
DA:150,0
DA:151,0
DA:208,9240896
DA:209,9699991
LF:5
LH:3
end_of_record
TN:
SF:/usr/share/miniconda3/envs/moose/libmesh/include/metaphysicl/dualnumber.h
FN:75,_ZNK11MetaPhysicL10DualNumberIdNS_28SemiDynamicSparseNumberArrayIdmNS_8NWrapperILm64EEEEELb1EEngEv
FN:99,_ZN11MetaPhysicL10DualNumberIdNS_28SemiDynamicSparseNumberArrayIdmNS_8NWrapperILm64EEEEELb1EEaSERKS5_
FN:113,_ZN11MetaPhysicL10DualNumberIdNS_28SemiDynamicSparseNumberArrayIdmNS_8NWrapperILm64EEEEELb1EEaSEOS5_
FN:140,_ZN11MetaPhysicL10DualNumberIdNS_28SemiDynamicSparseNumberArrayIdmNS_8NWrapperILm64EEEEELb1EEC2ERKS5_
FN:150,_ZN11MetaPhysicL10DualNumberIdNS_28SemiDynamicSparseNumberArrayIdmNS_8NWrapperILm64EEEEELb1EEC2EOS5_
FN:193,_ZN11MetaPhysicL10DualNumberIdNS_28SemiDynamicSparseNumberArrayIdmNS_8NWrapperILm64EEEEELb1EEaSIdEERS5_RKT_
FN:220,_ZN11MetaPhysicL10DualNumberIdNS_28SemiDynamicSparseNumberArrayIdmNS_8NWrapperILm64EEEEELb1EEC2IdEERKT_NSt9enable_ifIXsrSt14is_convertibleIS7_dE5valueEPvE4typeE
FN:220,_ZN11MetaPhysicL10DualNumberIdNS_28SemiDynamicSparseNumberArrayIdmNS_8NWrapperILm64EEEEELb1EEC2IiEERKT_NSt9enable_ifIXsrSt14is_convertibleIS7_dE5valueEPvE4typeE
FN:230,_ZN11MetaPhysicL10DualNumberIdNS_28SemiDynamicSparseNumberArrayIdmNS_8NWrapperILm64EEEEELb1EEC2IdS4_EERKT_RKT0_
FN:230,_ZN11MetaPhysicL10DualNumberIdNS_28SemiDynamicSparseNumberArrayIdmNS_8NWrapperILm64EEEEELb1EEC2IdiEERKT_RKT0_
FN:265,_ZN11MetaPhysicL26derivative_multiply_helperIdNS_28SemiDynamicSparseNumberArrayIdmNS_8NWrapperILm64EEEEELb1EEEvRNS_10DualNumberIT_T0_XT1_EEERKS8_
FN:316,_ZN11MetaPhysicL26derivative_division_helperIdNS_28SemiDynamicSparseNumberArrayIdmNS_8NWrapperILm64EEEEELb1EEEvRNS_10DualNumberIT_T0_XT1_EEERKS8_
FN:470,_ZN11MetaPhysicL10DualNumberIdNS_28SemiDynamicSparseNumberArrayIdmNS_8NWrapperILm64EEEEELb1EEpLIdS4_EERS5_RKNS0_IT_T0_Lb1EEE
FN:472,_ZN11MetaPhysicL10DualNumberIdNS_28SemiDynamicSparseNumberArrayIdmNS_8NWrapperILm64EEEEELb1EEmIIdS4_EERS5_RKNS0_IT_T0_Lb1EEE
FN:474,_ZN11MetaPhysicL10DualNumberIdNS_28SemiDynamicSparseNumberArrayIdmNS_8NWrapperILm64EEEEELb1EEmLIdEERS5_RKT_
FN:474,_ZN11MetaPhysicL10DualNumberIdNS_28SemiDynamicSparseNumberArrayIdmNS_8NWrapperILm64EEEEELb1EEmLIdS4_EERS5_RKNS0_IT_T0_Lb1EEE
FN:479,_ZN11MetaPhysicL10DualNumberIdNS_28SemiDynamicSparseNumberArrayIdmNS_8NWrapperILm64EEEEELb1EEdVIdEERS5_RKT_
FN:479,_ZN11MetaPhysicL10DualNumberIdNS_28SemiDynamicSparseNumberArrayIdmNS_8NWrapperILm64EEEEELb1EEdVIdS4_EERS5_RKNS0_IT_T0_Lb1EEE
FN:641,_ZSt3expIdN11MetaPhysicL28SemiDynamicSparseNumberArrayIdmNS0_8NWrapperILm64EEEEELb1EENS0_10DualNumberIT_T0_XT1_EEEOS8_
FN:653,_ZSt3absIdN11MetaPhysicL28SemiDynamicSparseNumberArrayIdmNS0_8NWrapperILm64EEEEELb1EENS0_10DualNumberIT_T0_XT1_EEEOS8_
FN:653,_ZSt3absIdN11MetaPhysicL28SemiDynamicSparseNumberArrayIdmNS0_8NWrapperILm64EEEEELb1EENS0_10DualNumberIT_T0_XT1_EEERKS8_
FN:886,_ZSt3powIddN11MetaPhysicL28SemiDynamicSparseNumberArrayIdmNS0_8NWrapperILm64EEEEELb1EENS0_12CompareTypesINS0_10DualNumberIT_T1_XT2_EEET0_Lb0EvE9supertypeERKS9_RKSA_
FNDA:32699433,_ZN11MetaPhysicL10DualNumberIdNS_28SemiDynamicSparseNumberArrayIdmNS_8NWrapperILm64EEEEELb1EEaSEOS5_
FNDA:10073044,_ZN11MetaPhysicL26derivative_division_helperIdNS_28SemiDynamicSparseNumberArrayIdmNS_8NWrapperILm64EEEEELb1EEEvRNS_10DualNumberIT_T0_XT1_EEERKS8_
FNDA:0,_ZSt3powIddN11MetaPhysicL28SemiDynamicSparseNumberArrayIdmNS0_8NWrapperILm64EEEEELb1EENS0_12CompareTypesINS0_10DualNumberIT_T1_XT2_EEET0_Lb0EvE9supertypeERKS9_RKSA_
FNDA:19558400,_ZSt3expIdN11MetaPhysicL28SemiDynamicSparseNumberArrayIdmNS0_8NWrapperILm64EEEEELb1EENS0_10DualNumberIT_T0_XT1_EEEOS8_
FNDA:11538876,_ZN11MetaPhysicL10DualNumberIdNS_28SemiDynamicSparseNumberArrayIdmNS_8NWrapperILm64EEEEELb1EEmIIdS4_EERS5_RKNS0_IT_T0_Lb1EEE
FNDA:23144030,_ZN11MetaPhysicL10DualNumberIdNS_28SemiDynamicSparseNumberArrayIdmNS_8NWrapperILm64EEEEELb1EEdVIdS4_EERS5_RKNS0_IT_T0_Lb1EEE
FNDA:1051648,_ZSt3absIdN11MetaPhysicL28SemiDynamicSparseNumberArrayIdmNS0_8NWrapperILm64EEEEELb1EENS0_10DualNumberIT_T0_XT1_EEERKS8_
FNDA:73968587,_ZN11MetaPhysicL10DualNumberIdNS_28SemiDynamicSparseNumberArrayIdmNS_8NWrapperILm64EEEEELb1EEaSERKS5_
FNDA:716800,_ZSt3absIdN11MetaPhysicL28SemiDynamicSparseNumberArrayIdmNS0_8NWrapperILm64EEEEELb1EENS0_10DualNumberIT_T0_XT1_EEEOS8_
FNDA:90517487,_ZN11MetaPhysicL10DualNumberIdNS_28SemiDynamicSparseNumberArrayIdmNS_8NWrapperILm64EEEEELb1EEmLIdS4_EERS5_RKNS0_IT_T0_Lb1EEE
FNDA:37989992,_ZN11MetaPhysicL26derivative_multiply_helperIdNS_28SemiDynamicSparseNumberArrayIdmNS_8NWrapperILm64EEEEELb1EEEvRNS_10DualNumberIT_T0_XT1_EEERKS8_
FNDA:27135,_ZNK11MetaPhysicL10DualNumberIdNS_28SemiDynamicSparseNumberArrayIdmNS_8NWrapperILm64EEEEELb1EEngEv
FNDA:68945404,_ZN11MetaPhysicL10DualNumberIdNS_28SemiDynamicSparseNumberArrayIdmNS_8NWrapperILm64EEEEELb1EEC2IdEERKT_NSt9enable_ifIXsrSt14is_convertibleIS7_dE5valueEPvE4typeE
FNDA:28941829,_ZN11MetaPhysicL10DualNumberIdNS_28SemiDynamicSparseNumberArrayIdmNS_8NWrapperILm64EEEEELb1EEmLIdEERS5_RKT_
FNDA:162832995,_ZN11MetaPhysicL10DualNumberIdNS_28SemiDynamicSparseNumberArrayIdmNS_8NWrapperILm64EEEEELb1EEC2ERKS5_
FNDA:27135,_ZN11MetaPhysicL10DualNumberIdNS_28SemiDynamicSparseNumberArrayIdmNS_8NWrapperILm64EEEEELb1EEC2IdS4_EERKT_RKT0_
FNDA:0,_ZN11MetaPhysicL10DualNumberIdNS_28SemiDynamicSparseNumberArrayIdmNS_8NWrapperILm64EEEEELb1EEC2IdiEERKT_RKT0_
FNDA:20390326,_ZN11MetaPhysicL10DualNumberIdNS_28SemiDynamicSparseNumberArrayIdmNS_8NWrapperILm64EEEEELb1EEdVIdEERS5_RKT_
FNDA:47751642,_ZN11MetaPhysicL10DualNumberIdNS_28SemiDynamicSparseNumberArrayIdmNS_8NWrapperILm64EEEEELb1EEpLIdS4_EERS5_RKNS0_IT_T0_Lb1EEE
FNDA:11421522,_ZN11MetaPhysicL10DualNumberIdNS_28SemiDynamicSparseNumberArrayIdmNS_8NWrapperILm64EEEEELb1EEaSIdEERS5_RKT_
FNDA:0,_ZN11MetaPhysicL10DualNumberIdNS_28SemiDynamicSparseNumberArrayIdmNS_8NWrapperILm64EEEEELb1EEC2IiEERKT_NSt9enable_ifIXsrSt14is_convertibleIS7_dE5valueEPvE4typeE
FNDA:97423457,_ZN11MetaPhysicL10DualNumberIdNS_28SemiDynamicSparseNumberArrayIdmNS_8NWrapperILm64EEEEELb1EEC2EOS5_
FNF:22
FNH:19
DA:50,37989992
DA:55,0
DA:65,25239508
DA:75,27135
DA:99,73968587
DA:101,73968587
DA:103,73968587
DA:106,73968587
DA:113,32699433
DA:115,32699433
DA:117,32699433
DA:120,32699433
DA:140,162832995
DA:141,162832995
DA:143,162832995
DA:145,162832995
DA:150,97423457
DA:151,97423457
DA:153,97423457
DA:155,97423457
DA:193,11421522
DA:195,11421522
DA:196,11421522
DA:197,5314272
DA:198,11421522
DA:220,68945404
DA:221,68945404
DA:223,68945404
DA:224,29945532
DA:225,68945404
DA:230,27135
DA:232,27135
DA:234,27135
DA:235,21614
DA:236,27135
DA:265,37989992
DA:268,37989992
DA:271,37989992
DA:272,0
DA:275,37989992
DA:276,37989992
DA:316,10073044
DA:319,10073044
DA:322,10073044
DA:323,0
DA:324,0
DA:327,10073044
DA:328,10073044
DA:470,70119837
DA:472,20939638
DA:474,200431228
DA:479,84246824
DA:516,0
DA:517,0
DA:519,1768448
DA:521,334848
DA:641,28115200
DA:653,2082048
DA:880,0
DA:886,0
LF:60
LH:52
end_of_record
TN:
SF:/usr/share/miniconda3/envs/moose/libmesh/include/metaphysicl/dualnumber_decl.h
FNF:0
FNH:0
DA:59,22885465
DA:178,68945404
DA:181,27135
LF:3
LH:3
end_of_record
TN:
SF:/usr/share/miniconda3/envs/moose/libmesh/include/metaphysicl/dynamic_std_array_wrapper.h
FN:54,_ZN11MetaPhysicL22DynamicStdArrayWrapperIdNS_8NWrapperILm64EEEEC2ERKS3_
FN:54,_ZN11MetaPhysicL22DynamicStdArrayWrapperImNS_8NWrapperILm64EEEEC2ERKS3_
FN:71,_ZN11MetaPhysicL22DynamicStdArrayWrapperImNS_8NWrapperILm64EEEEaSERKS3_
FN:71,_ZN11MetaPhysicL22DynamicStdArrayWrapperIdNS_8NWrapperILm64EEEEaSERKS3_
FN:122,_ZN11MetaPhysicL22DynamicStdArrayWrapperImNS_8NWrapperILm64EEEE6resizeEm
FN:122,_ZN11MetaPhysicL22DynamicStdArrayWrapperIdNS_8NWrapperILm64EEEE6resizeEm
FNDA:100926698,_ZN11MetaPhysicL22DynamicStdArrayWrapperIdNS_8NWrapperILm64EEEEaSERKS3_
FNDA:78716875,_ZN11MetaPhysicL22DynamicStdArrayWrapperIdNS_8NWrapperILm64EEEE6resizeEm
FNDA:21614,_ZN11MetaPhysicL22DynamicStdArrayWrapperImNS_8NWrapperILm64EEEEC2ERKS3_
FNDA:78716875,_ZN11MetaPhysicL22DynamicStdArrayWrapperImNS_8NWrapperILm64EEEE6resizeEm
FNDA:100926698,_ZN11MetaPhysicL22DynamicStdArrayWrapperImNS_8NWrapperILm64EEEEaSERKS3_
FNDA:21614,_ZN11MetaPhysicL22DynamicStdArrayWrapperIdNS_8NWrapperILm64EEEEC2ERKS3_
FNF:6
FNH:6
DA:54,43228
DA:56,43228
DA:58,43228
DA:59,43228
DA:62,0
DA:64,0
DA:67,0
DA:68,0
DA:71,201853396
DA:73,201853396
DA:75,201853396
DA:76,201853396
DA:82,179230304
DA:85,2010074980
DA:86,1830844676
DA:90,471926555
DA:99,244155832
DA:105,1623788746
DA:120,158045371
DA:122,157433750
DA:124,157433750
DA:125,0
DA:126,157433750
DA:127,157433750
DA:132,30626704
DA:138,30626704
DA:143,30626704
LF:27
LH:22
end_of_record
TN:
SF:/usr/share/miniconda3/envs/moose/libmesh/include/metaphysicl/dynamicsparsenumberbase.h
FN:48,_ZN11MetaPhysicL23DynamicSparseNumberBaseINS_22DynamicStdArrayWrapperIdNS_8NWrapperILm64EEEEENS1_ImS3_EENS_28SemiDynamicSparseNumberArrayEJdmS3_EE6resizeEm
FN:264,_ZNK11MetaPhysicL23DynamicSparseNumberBaseINS_22DynamicStdArrayWrapperIdNS_8NWrapperILm64EEEEENS1_ImS3_EENS_28SemiDynamicSparseNumberArrayEJdmS3_EEngEv
FN:282,_ZN11MetaPhysicL23DynamicSparseNumberBaseINS_22DynamicStdArrayWrapperIdNS_8NWrapperILm64EEEEENS1_ImS3_EENS_28SemiDynamicSparseNumberArrayEJdmS3_EE14sparsity_unionIS5_EEvRKT_
FN:553,_ZN11MetaPhysicL23DynamicSparseNumberBaseINS_22DynamicStdArrayWrapperIdNS_8NWrapperILm64EEEEENS1_ImS3_EENS_28SemiDynamicSparseNumberArrayEJdmS3_EEpLIJdmS3_EEERNS6_IdmS3_EERKNS6_IDpT_EE
FN:588,_ZN11MetaPhysicL23DynamicSparseNumberBaseINS_22DynamicStdArrayWrapperIdNS_8NWrapperILm64EEEEENS1_ImS3_EENS_28SemiDynamicSparseNumberArrayEJdmS3_EEmIIJdmS3_EEERNS6_IdmS3_EERKNS6_IDpT_EE
FN:950,_ZN11MetaPhysicLmlINS_28SemiDynamicSparseNumberArrayENS_22DynamicStdArrayWrapperIdNS_8NWrapperILm64EEEEENS2_ImS4_EEJdmS4_EdEENS_14MultipliesTypeIT_IJDpT2_EET3_Lb1EvE9supertypeERKSC_RKNS_23DynamicSparseNumberBaseIT0_T1_T_JSA_EEE
FN:972,_ZN11MetaPhysicLmlINS_28SemiDynamicSparseNumberArrayENS_22DynamicStdArrayWrapperIdNS_8NWrapperILm64EEEEENS2_ImS4_EEJdmS4_EdEENS_14MultipliesTypeIT_IJDpT2_EET3_Lb0EvE9supertypeERKNS_23DynamicSparseNumberBaseIT0_T1_T_JSA_EEERKSC_
FN:993,_ZN11MetaPhysicLdvINS_28SemiDynamicSparseNumberArrayENS_22DynamicStdArrayWrapperIdNS_8NWrapperILm64EEEEENS2_ImS4_EEJdmS4_EdEENS_11DividesTypeIT_IJDpT2_EET3_Lb0EvE9supertypeERKNS_23DynamicSparseNumberBaseIT0_T1_T_JSA_EEERKSC_
FNDA:15197520,_ZN11MetaPhysicL23DynamicSparseNumberBaseINS_22DynamicStdArrayWrapperIdNS_8NWrapperILm64EEEEENS1_ImS3_EENS_28SemiDynamicSparseNumberArrayEJdmS3_EEmIIJdmS3_EEERNS6_IdmS3_EERKNS6_IDpT_EE
FNDA:0,_ZN11MetaPhysicLmlINS_28SemiDynamicSparseNumberArrayENS_22DynamicStdArrayWrapperIdNS_8NWrapperILm64EEEEENS2_ImS4_EEJdmS4_EdEENS_14MultipliesTypeIT_IJDpT2_EET3_Lb0EvE9supertypeERKNS_23DynamicSparseNumberBaseIT0_T1_T_JSA_EEERKSC_
FNDA:48063036,_ZN11MetaPhysicLmlINS_28SemiDynamicSparseNumberArrayENS_22DynamicStdArrayWrapperIdNS_8NWrapperILm64EEEEENS2_ImS4_EEJdmS4_EdEENS_14MultipliesTypeIT_IJDpT2_EET3_Lb1EvE9supertypeERKSC_RKNS_23DynamicSparseNumberBaseIT0_T1_T_JSA_EEE
FNDA:78716875,_ZN11MetaPhysicL23DynamicSparseNumberBaseINS_22DynamicStdArrayWrapperIdNS_8NWrapperILm64EEEEENS1_ImS3_EENS_28SemiDynamicSparseNumberArrayEJdmS3_EE6resizeEm
FNDA:27135,_ZNK11MetaPhysicL23DynamicSparseNumberBaseINS_22DynamicStdArrayWrapperIdNS_8NWrapperILm64EEEEENS1_ImS3_EENS_28SemiDynamicSparseNumberArrayEJdmS3_EEngEv
FNDA:0,_ZN11MetaPhysicLdvINS_28SemiDynamicSparseNumberArrayENS_22DynamicStdArrayWrapperIdNS_8NWrapperILm64EEEEENS2_ImS4_EEJdmS4_EdEENS_11DividesTypeIT_IJDpT2_EET3_Lb0EvE9supertypeERKNS_23DynamicSparseNumberBaseIT0_T1_T_JSA_EEERKSC_
FNDA:58105024,_ZN11MetaPhysicL23DynamicSparseNumberBaseINS_22DynamicStdArrayWrapperIdNS_8NWrapperILm64EEEEENS1_ImS3_EENS_28SemiDynamicSparseNumberArrayEJdmS3_EEpLIJdmS3_EEERNS6_IdmS3_EERKNS6_IDpT_EE
FNDA:73302544,_ZN11MetaPhysicL23DynamicSparseNumberBaseINS_22DynamicStdArrayWrapperIdNS_8NWrapperILm64EEEEENS1_ImS3_EENS_28SemiDynamicSparseNumberArrayEJdmS3_EE14sparsity_unionIS5_EEvRKT_
FNF:8
FNH:6
DA:48,78716875
DA:50,78716875
DA:51,78716875
DA:55,423863519
DA:99,784858570
DA:129,73302544
DA:264,27135
DA:267,27135
DA:268,69895
DA:270,42760
DA:271,42760
DA:273,27135
DA:282,73302544
DA:304,138228072
DA:305,64925528
DA:306,64925528
DA:308,74196902
DA:309,9271374
DA:310,9271374
DA:313,604630454
DA:314,604630454
DA:315,539704926
DA:316,539704926
DA:317,539704926
DA:318,539704926
DA:321,704955404
DA:322,670656580
DA:323,670656580
DA:324,670656580
DA:326,640029876
DA:331,73302544
DA:336,30626704
DA:357,711165428
DA:358,680538724
DA:359,19418880
DA:360,19418880
DA:361,670656580
DA:362,670656580
DA:365,9882144
DA:366,9131028
DA:370,9882144
DA:371,9882144
DA:553,58105024
DA:556,58105024
DA:564,1009384254
DA:566,951279230
DA:567,951279230
DA:569,1866483082
DA:570,915203852
DA:571,915203852
DA:573,915203852
DA:577,951279230
DA:580,58105024
DA:588,15197520
DA:591,15197520
DA:599,274279796
DA:601,259082276
DA:602,259082276
DA:604,506995088
DA:605,247912812
DA:606,247912812
DA:608,247912812
DA:612,259082276
DA:615,15197520
DA:693,765947024
DA:694,705734806
DA:705,422021316
DA:706,402905038
DA:950,48063036
DA:952,48063036
DA:956,48063036
DA:958,832921606
DA:959,784858570
DA:960,784858570
DA:963,48063036
DA:972,0
DA:974,0
DA:978,0
DA:980,0
DA:981,0
DA:982,0
DA:984,0
DA:993,0
DA:995,0
DA:998,0
DA:1000,0
DA:1001,0
DA:1002,0
DA:1005,0
LF:89
LH:75
end_of_record
TN:
SF:/usr/share/miniconda3/envs/moose/libmesh/include/metaphysicl/dynamicsparsenumberbase_decl.h
FN:72,_ZN11MetaPhysicL23DynamicSparseNumberBaseINS_22DynamicStdArrayWrapperIdNS_8NWrapperILm64EEEEENS1_ImS3_EENS_28SemiDynamicSparseNumberArrayEJdmS3_EEC2EOS7_
FN:75,_ZN11MetaPhysicL23DynamicSparseNumberBaseINS_22DynamicStdArrayWrapperIdNS_8NWrapperILm64EEEEENS1_ImS3_EENS_28SemiDynamicSparseNumberArrayEJdmS3_EEaSEOS7_
FN:79,_ZN11MetaPhysicL23DynamicSparseNumberBaseINS_22DynamicStdArrayWrapperIdNS_8NWrapperILm64EEEEENS1_ImS3_EENS_28SemiDynamicSparseNumberArrayEJdmS3_EEC2ERKS7_
FN:81,_ZN11MetaPhysicL23DynamicSparseNumberBaseINS_22DynamicStdArrayWrapperIdNS_8NWrapperILm64EEEEENS1_ImS3_EENS_28SemiDynamicSparseNumberArrayEJdmS3_EEaSERKS7_
FNDA:100926698,_ZN11MetaPhysicL23DynamicSparseNumberBaseINS_22DynamicStdArrayWrapperIdNS_8NWrapperILm64EEEEENS1_ImS3_EENS_28SemiDynamicSparseNumberArrayEJdmS3_EEaSERKS7_
FNDA:21614,_ZN11MetaPhysicL23DynamicSparseNumberBaseINS_22DynamicStdArrayWrapperIdNS_8NWrapperILm64EEEEENS1_ImS3_EENS_28SemiDynamicSparseNumberArrayEJdmS3_EEC2ERKS7_
FNDA:89615152,_ZN11MetaPhysicL23DynamicSparseNumberBaseINS_22DynamicStdArrayWrapperIdNS_8NWrapperILm64EEEEENS1_ImS3_EENS_28SemiDynamicSparseNumberArrayEJdmS3_EEaSEOS7_
FNDA:0,_ZN11MetaPhysicL23DynamicSparseNumberBaseINS_22DynamicStdArrayWrapperIdNS_8NWrapperILm64EEEEENS1_ImS3_EENS_28SemiDynamicSparseNumberArrayEJdmS3_EEC2EOS7_
FNF:4
FNH:3
DA:72,0
DA:75,89615152
DA:79,21614
DA:81,100926698
LF:4
LH:3
end_of_record
TN:
SF:/usr/share/miniconda3/envs/moose/libmesh/include/metaphysicl/metaphysicl_exceptions.h
FNF:0
FNH:0
DA:45,0
LF:1
LH:0
end_of_record
TN:
SF:/usr/share/miniconda3/envs/moose/libmesh/include/metaphysicl/raw_type.h
FNF:0
FNH:0
DA:73,41590
DA:88,0
LF:2
LH:1
end_of_record
TN:
SF:/usr/share/miniconda3/envs/moose/libmesh/include/metaphysicl/semidynamicsparsenumberarray.h
FNF:0
FNH:0
DA:84,0
DA:85,0
LF:2
LH:0
end_of_record
TN:
SF:/usr/share/miniconda3/envs/moose/libmesh/include/metaphysicl/semidynamicsparsenumberarray_decl.h
FNF:0
FNH:0
DA:34,83344454
DA:56,0
DA:58,89615152
DA:60,21614
DA:62,100926698
LF:5
LH:4
end_of_record
